# JRE version: Java(TM) SE Runtime Environment (8.0_60-b27) (build 1.8.0_60-b27)
# Java VM: Java HotSpot(TM) 64-Bit Server VM (25.60-b23 mixed mode bsd-amd64 compressed oops)
Heap:
 PSYoungGen      total 43008K, used 12771K [0x0000000795580000, 0x0000000799700000, 0x00000007c0000000)
  eden space 33280K, 36% used [0x0000000795580000,0x0000000796150c28,0x0000000797600000)
  from space 9728K, 6% used [0x0000000797600000,0x00000007976a8000,0x0000000797f80000)
  to   space 10752K, 0% used [0x0000000798c80000,0x0000000798c80000,0x0000000799700000)
 ParOldGen       total 165376K, used 150370K [0x0000000740000000, 0x000000074a180000, 0x0000000795580000)
  object space 165376K, 90% used [0x0000000740000000,0x00000007492d8b60,0x000000074a180000)
 Metaspace       used 12679K, capacity 12801K, committed 12928K, reserved 1060864K
  class space    used 1312K, capacity 1375K, committed 1408K, reserved 1048576K
GC Heap History (10 events):
Event: 7.696 GC heap before
{Heap before GC invocations=5 (full 0):
 PSYoungGen      total 38400K, used 36603K [0x0000000795580000, 0x0000000798000000, 0x00000007c0000000)
  eden space 33280K, 100% used [0x0000000795580000,0x0000000797600000,0x0000000797600000)
  from space 5120K, 64% used [0x0000000797b00000,0x0000000797e3ec80,0x0000000798000000)
  to   space 5120K, 0% used [0x0000000797600000,0x0000000797600000,0x0000000797b00000)
 ParOldGen       total 153600K, used 142198K [0x0000000740000000, 0x0000000749600000, 0x0000000795580000)
  object space 153600K, 92% used [0x0000000740000000,0x0000000748addb90,0x0000000749600000)
 Metaspace       used 12311K, capacity 12481K, committed 12672K, reserved 1060864K
  class space    used 1299K, capacity 1375K, committed 1408K, reserved 1048576K
Event: 7.704 GC heap after
Heap after GC invocations=5 (full 0):
 PSYoungGen      total 37888K, used 5106K [0x0000000795580000, 0x0000000798980000, 0x00000007c0000000)
  eden space 32768K, 0% used [0x0000000795580000,0x0000000795580000,0x0000000797580000)
  from space 5120K, 99% used [0x0000000797600000,0x0000000797afc910,0x0000000797b00000)
  to   space 10240K, 0% used [0x0000000797f80000,0x0000000797f80000,0x0000000798980000)
 ParOldGen       total 153600K, used 144463K [0x0000000740000000, 0x0000000749600000, 0x0000000795580000)
  object space 153600K, 94% used [0x0000000740000000,0x0000000748d13c30,0x0000000749600000)
 Metaspace       used 12311K, capacity 12481K, committed 12672K, reserved 1060864K
  class space    used 1299K, capacity 1375K, committed 1408K, reserved 1048576K
}
Event: 7.705 GC heap before
{Heap before GC invocations=6 (full 1):
 PSYoungGen      total 37888K, used 5106K [0x0000000795580000, 0x0000000798980000, 0x00000007c0000000)
  eden space 32768K, 0% used [0x0000000795580000,0x0000000795580000,0x0000000797580000)
  from space 5120K, 99% used [0x0000000797600000,0x0000000797afc910,0x0000000797b00000)
  to   space 10240K, 0% used [0x0000000797f80000,0x0000000797f80000,0x0000000798980000)
 ParOldGen       total 153600K, used 144463K [0x0000000740000000, 0x0000000749600000, 0x0000000795580000)
  object space 153600K, 94% used [0x0000000740000000,0x0000000748d13c30,0x0000000749600000)
 Metaspace       used 12311K, capacity 12481K, committed 12672K, reserved 1060864K
  class space    used 1299K, capacity 1375K, committed 1408K, reserved 1048576K
Event: 7.743 GC heap after
Heap after GC invocations=6 (full 1):
 PSYoungGen      total 37888K, used 0K [0x0000000795580000, 0x0000000798980000, 0x00000007c0000000)
  eden space 32768K, 0% used [0x0000000795580000,0x0000000795580000,0x0000000797580000)
  from space 5120K, 0% used [0x0000000797600000,0x0000000797600000,0x0000000797b00000)
  to   space 10240K, 0% used [0x0000000797f80000,0x0000000797f80000,0x0000000798980000)
 ParOldGen       total 69632K, used 8954K [0x0000000740000000, 0x0000000744400000, 0x0000000795580000)
  object space 69632K, 12% used [0x0000000740000000,0x00000007408bea30,0x0000000744400000)
 Metaspace       used 12311K, capacity 12481K, committed 12672K, reserved 1060864K
  class space    used 1299K, capacity 1375K, committed 1408K, reserved 1048576K
}
Event: 9.434 GC heap before
{Heap before GC invocations=7 (full 2):
 PSYoungGen      total 37888K, used 32768K [0x0000000795580000, 0x0000000798980000, 0x00000007c0000000)
  eden space 32768K, 100% used [0x0000000795580000,0x0000000797580000,0x0000000797580000)
  from space 5120K, 0% used [0x0000000797600000,0x0000000797600000,0x0000000797b00000)
  to   space 10240K, 0% used [0x0000000797f80000,0x0000000797f80000,0x0000000798980000)
 ParOldGen       total 100352K, used 88801K [0x0000000740000000, 0x0000000746200000, 0x0000000795580000)
  object space 100352K, 88% used [0x0000000740000000,0x00000007456b8460,0x0000000746200000)
 Metaspace       used 12329K, capacity 12481K, committed 12672K, reserved 1060864K
  class space    used 1303K, capacity 1375K, committed 1408K, reserved 1048576K
Event: 9.451 GC heap after
Heap after GC invocations=7 (full 2):
 PSYoungGen      total 37888K, used 0K [0x0000000795580000, 0x0000000798980000, 0x00000007c0000000)
  eden space 32768K, 0% used [0x0000000795580000,0x0000000795580000,0x0000000797580000)
  from space 5120K, 0% used [0x0000000797600000,0x0000000797600000,0x0000000797b00000)
  to   space 10240K, 0% used [0x0000000797f80000,0x0000000797f80000,0x0000000798980000)
 ParOldGen       total 99328K, used 12418K [0x0000000740000000, 0x0000000746100000, 0x0000000795580000)
  object space 99328K, 12% used [0x0000000740000000,0x0000000740c20bc0,0x0000000746100000)
 Metaspace       used 12329K, capacity 12481K, committed 12672K, reserved 1060864K
  class space    used 1303K, capacity 1375K, committed 1408K, reserved 1048576K
}
Event: 9.728 GC heap before
{Heap before GC invocations=8 (full 2):
 PSYoungGen      total 37888K, used 32099K [0x0000000795580000, 0x0000000798980000, 0x00000007c0000000)
  eden space 32768K, 97% used [0x0000000795580000,0x00000007974d8eb8,0x0000000797580000)
  from space 5120K, 0% used [0x0000000797600000,0x0000000797600000,0x0000000797b00000)
  to   space 10240K, 0% used [0x0000000797f80000,0x0000000797f80000,0x0000000798980000)
 ParOldGen       total 99328K, used 12418K [0x0000000740000000, 0x0000000746100000, 0x0000000795580000)
  object space 99328K, 12% used [0x0000000740000000,0x0000000740c20bc0,0x0000000746100000)
 Metaspace       used 12449K, capacity 12609K, committed 12928K, reserved 1060864K
  class space    used 1309K, capacity 1375K, committed 1408K, reserved 1048576K
Event: 9.731 GC heap after
Heap after GC invocations=8 (full 2):
 PSYoungGen      total 43520K, used 5028K [0x0000000795580000, 0x0000000799580000, 0x00000007c0000000)
  eden space 33280K, 0% used [0x0000000795580000,0x0000000795580000,0x0000000797600000)
  from space 10240K, 49% used [0x0000000797f80000,0x00000007984690b0,0x0000000798980000)
  to   space 9728K, 0% used [0x0000000797600000,0x0000000797600000,0x0000000797f80000)
 ParOldGen       total 99328K, used 12426K [0x0000000740000000, 0x0000000746100000, 0x0000000795580000)
  object space 99328K, 12% used [0x0000000740000000,0x0000000740c22bc0,0x0000000746100000)
 Metaspace       used 12449K, capacity 12609K, committed 12928K, reserved 1060864K
  class space    used 1309K, capacity 1375K, committed 1408K, reserved 1048576K
}
Event: 11.323 GC heap before
{Heap before GC invocations=9 (full 2):
 PSYoungGen      total 43520K, used 38308K [0x0000000795580000, 0x0000000799580000, 0x00000007c0000000)
  eden space 33280K, 100% used [0x0000000795580000,0x0000000797600000,0x0000000797600000)
  from space 10240K, 49% used [0x0000000797f80000,0x00000007984690b0,0x0000000798980000)
  to   space 9728K, 0% used [0x0000000797600000,0x0000000797600000,0x0000000797f80000)
 ParOldGen       total 165376K, used 150362K [0x0000000740000000, 0x000000074a180000, 0x0000000795580000)
  object space 165376K, 90% used [0x0000000740000000,0x00000007492d6b60,0x000000074a180000)
 Metaspace       used 12518K, capacity 12673K, committed 12928K, reserved 1060864K
  class space    used 1310K, capacity 1375K, committed 1408K, reserved 1048576K
Event: 11.326 GC heap after
Heap after GC invocations=9 (full 2):
 PSYoungGen      total 43008K, used 672K [0x0000000795580000, 0x0000000799700000, 0x00000007c0000000)
  eden space 33280K, 0% used [0x0000000795580000,0x0000000795580000,0x0000000797600000)
  from space 9728K, 6% used [0x0000000797600000,0x00000007976a8000,0x0000000797f80000)
  to   space 10752K, 0% used [0x0000000798c80000,0x0000000798c80000,0x0000000799700000)
 ParOldGen       total 165376K, used 150370K [0x0000000740000000, 0x000000074a180000, 0x0000000795580000)
  object space 165376K, 90% used [0x0000000740000000,0x00000007492d8b60,0x000000074a180000)
 Metaspace       used 12518K, capacity 12673K, committed 12928K, reserved 1060864K
  class space    used 1310K, capacity 1375K, committed 1408K, reserved 1048576K
}

