# JRE version: Java(TM) SE Runtime Environment (8.0_60-b27) (build 1.8.0_60-b27)
# Java VM: Java HotSpot(TM) 64-Bit Server VM (25.60-b23 mixed mode bsd-amd64 compressed oops)
Heap:
 PSYoungGen      total 360448K, used 88182K [0x0000000795580000, 0x00000007b7600000, 0x00000007c0000000)
  eden space 345088K, 25% used [0x0000000795580000,0x000000079ab9d9a0,0x00000007aa680000)
  from space 15360K, 0% used [0x00000007aa680000,0x00000007aa680000,0x00000007ab580000)
  to   space 32256K, 0% used [0x00000007b5680000,0x00000007b5680000,0x00000007b7600000)
 ParOldGen       total 165376K, used 54240K [0x0000000740000000, 0x000000074a180000, 0x0000000795580000)
  object space 165376K, 32% used [0x0000000740000000,0x00000007434f8040,0x000000074a180000)
 Metaspace       used 15083K, capacity 15243K, committed 15360K, reserved 1062912K
  class space    used 1645K, capacity 1703K, committed 1792K, reserved 1048576K
GC Heap History (10 events):
Event: 15.555 GC heap before
{Heap before GC invocations=14 (full 2):
 PSYoungGen      total 181248K, used 163270K [0x0000000795580000, 0x00000007a6a00000, 0x00000007c0000000)
  eden space 165376K, 98% used [0x0000000795580000,0x000000079f4f1948,0x000000079f700000)
  from space 15872K, 0% used [0x000000079f700000,0x000000079f700000,0x00000007a0680000)
  to   space 16384K, 0% used [0x00000007a5a00000,0x00000007a5a00000,0x00000007a6a00000)
 ParOldGen       total 159232K, used 68605K [0x0000000740000000, 0x0000000749b80000, 0x0000000795580000)
  object space 159232K, 43% used [0x0000000740000000,0x00000007442ff410,0x0000000749b80000)
 Metaspace       used 13017K, capacity 13195K, committed 13312K, reserved 1060864K
  class space    used 1448K, capacity 1511K, committed 1536K, reserved 1048576K
Event: 15.563 GC heap after
Heap after GC invocations=14 (full 2):
 PSYoungGen      total 252416K, used 8352K [0x0000000795580000, 0x00000007a6280000, 0x00000007c0000000)
  eden space 243712K, 0% used [0x0000000795580000,0x0000000795580000,0x00000007a4380000)
  from space 8704K, 95% used [0x00000007a5a00000,0x00000007a6228010,0x00000007a6280000)
  to   space 15872K, 0% used [0x00000007a4380000,0x00000007a4380000,0x00000007a5300000)
 ParOldGen       total 159232K, used 68605K [0x0000000740000000, 0x0000000749b80000, 0x0000000795580000)
  object space 159232K, 43% used [0x0000000740000000,0x00000007442ff410,0x0000000749b80000)
 Metaspace       used 13017K, capacity 13195K, committed 13312K, reserved 1060864K
  class space    used 1448K, capacity 1511K, committed 1536K, reserved 1048576K
}
Event: 17.530 GC heap before
{Heap before GC invocations=15 (full 2):
 PSYoungGen      total 252416K, used 250232K [0x0000000795580000, 0x00000007a6280000, 0x00000007c0000000)
  eden space 243712K, 99% used [0x0000000795580000,0x00000007a41b6028,0x00000007a4380000)
  from space 8704K, 95% used [0x00000007a5a00000,0x00000007a6228010,0x00000007a6280000)
  to   space 15872K, 0% used [0x00000007a4380000,0x00000007a4380000,0x00000007a5300000)
 ParOldGen       total 159232K, used 68605K [0x0000000740000000, 0x0000000749b80000, 0x0000000795580000)
  object space 159232K, 43% used [0x0000000740000000,0x00000007442ff410,0x0000000749b80000)
 Metaspace       used 13018K, capacity 13195K, committed 13312K, reserved 1060864K
  class space    used 1448K, capacity 1511K, committed 1536K, reserved 1048576K
Event: 17.536 GC heap after
Heap after GC invocations=15 (full 2):
 PSYoungGen      total 259584K, used 2997K [0x0000000795580000, 0x00000007acd00000, 0x00000007c0000000)
  eden space 243712K, 0% used [0x0000000795580000,0x0000000795580000,0x00000007a4380000)
  from space 15872K, 18% used [0x00000007a4380000,0x00000007a466d748,0x00000007a5300000)
  to   space 15872K, 0% used [0x00000007abd80000,0x00000007abd80000,0x00000007acd00000)
 ParOldGen       total 159232K, used 68629K [0x0000000740000000, 0x0000000749b80000, 0x0000000795580000)
  object space 159232K, 43% used [0x0000000740000000,0x0000000744305410,0x0000000749b80000)
 Metaspace       used 13018K, capacity 13195K, committed 13312K, reserved 1060864K
  class space    used 1448K, capacity 1511K, committed 1536K, reserved 1048576K
}
Event: 20.634 GC heap before
{Heap before GC invocations=16 (full 2):
 PSYoungGen      total 259584K, used 227174K [0x0000000795580000, 0x00000007acd00000, 0x00000007c0000000)
  eden space 243712K, 91% used [0x0000000795580000,0x00000007a306c390,0x00000007a4380000)
  from space 15872K, 18% used [0x00000007a4380000,0x00000007a466d748,0x00000007a5300000)
  to   space 15872K, 0% used [0x00000007abd80000,0x00000007abd80000,0x00000007acd00000)
 ParOldGen       total 159232K, used 68629K [0x0000000740000000, 0x0000000749b80000, 0x0000000795580000)
  object space 159232K, 43% used [0x0000000740000000,0x0000000744305410,0x0000000749b80000)
 Metaspace       used 13018K, capacity 13195K, committed 13312K, reserved 1060864K
  class space    used 1448K, capacity 1511K, committed 1536K, reserved 1048576K
Event: 20.639 GC heap after
Heap after GC invocations=16 (full 2):
 PSYoungGen      total 352256K, used 875K [0x0000000795580000, 0x00000007ac480000, 0x00000007c0000000)
  eden space 345088K, 0% used [0x0000000795580000,0x0000000795580000,0x00000007aa680000)
  from space 7168K, 12% used [0x00000007abd80000,0x00000007abe5ade8,0x00000007ac480000)
  to   space 15360K, 0% used [0x00000007aa680000,0x00000007aa680000,0x00000007ab580000)
 ParOldGen       total 159232K, used 85021K [0x0000000740000000, 0x0000000749b80000, 0x0000000795580000)
  object space 159232K, 53% used [0x0000000740000000,0x0000000745307420,0x0000000749b80000)
 Metaspace       used 13018K, capacity 13195K, committed 13312K, reserved 1060864K
  class space    used 1448K, capacity 1511K, committed 1536K, reserved 1048576K
}
Event: 25.925 GC heap before
{Heap before GC invocations=17 (full 2):
 PSYoungGen      total 352256K, used 345963K [0x0000000795580000, 0x00000007ac480000, 0x00000007c0000000)
  eden space 345088K, 100% used [0x0000000795580000,0x00000007aa680000,0x00000007aa680000)
  from space 7168K, 12% used [0x00000007abd80000,0x00000007abe5ade8,0x00000007ac480000)
  to   space 15360K, 0% used [0x00000007aa680000,0x00000007aa680000,0x00000007ab580000)
 ParOldGen       total 159232K, used 85021K [0x0000000740000000, 0x0000000749b80000, 0x0000000795580000)
  object space 159232K, 53% used [0x0000000740000000,0x0000000745307420,0x0000000749b80000)
 Metaspace       used 14854K, capacity 15051K, committed 15360K, reserved 1062912K
  class space    used 1643K, capacity 1703K, committed 1792K, reserved 1048576K
Event: 26.019 GC heap after
Heap after GC invocations=17 (full 2):
 PSYoungGen      total 360448K, used 15360K [0x0000000795580000, 0x00000007b7600000, 0x00000007c0000000)
  eden space 345088K, 0% used [0x0000000795580000,0x0000000795580000,0x00000007aa680000)
  from space 15360K, 100% used [0x00000007aa680000,0x00000007ab580000,0x00000007ab580000)
  to   space 32256K, 0% used [0x00000007b5680000,0x00000007b5680000,0x00000007b7600000)
 ParOldGen       total 159232K, used 123214K [0x0000000740000000, 0x0000000749b80000, 0x0000000795580000)
  object space 159232K, 77% used [0x0000000740000000,0x0000000747853b38,0x0000000749b80000)
 Metaspace       used 14854K, capacity 15051K, committed 15360K, reserved 1062912K
  class space    used 1643K, capacity 1703K, committed 1792K, reserved 1048576K
}
Event: 26.019 GC heap before
{Heap before GC invocations=18 (full 3):
 PSYoungGen      total 360448K, used 15360K [0x0000000795580000, 0x00000007b7600000, 0x00000007c0000000)
  eden space 345088K, 0% used [0x0000000795580000,0x0000000795580000,0x00000007aa680000)
  from space 15360K, 100% used [0x00000007aa680000,0x00000007ab580000,0x00000007ab580000)
  to   space 32256K, 0% used [0x00000007b5680000,0x00000007b5680000,0x00000007b7600000)
 ParOldGen       total 159232K, used 123214K [0x0000000740000000, 0x0000000749b80000, 0x0000000795580000)
  object space 159232K, 77% used [0x0000000740000000,0x0000000747853b38,0x0000000749b80000)
 Metaspace       used 14854K, capacity 15051K, committed 15360K, reserved 1062912K
  class space    used 1643K, capacity 1703K, committed 1792K, reserved 1048576K
Event: 26.230 GC heap after
Heap after GC invocations=18 (full 3):
 PSYoungGen      total 360448K, used 0K [0x0000000795580000, 0x00000007b7600000, 0x00000007c0000000)
  eden space 345088K, 0% used [0x0000000795580000,0x0000000795580000,0x00000007aa680000)
  from space 15360K, 0% used [0x00000007aa680000,0x00000007aa680000,0x00000007ab580000)
  to   space 32256K, 0% used [0x00000007b5680000,0x00000007b5680000,0x00000007b7600000)
 ParOldGen       total 165376K, used 54240K [0x0000000740000000, 0x000000074a180000, 0x0000000795580000)
  object space 165376K, 32% used [0x0000000740000000,0x00000007434f8040,0x000000074a180000)
 Metaspace       used 14854K, capacity 15051K, committed 15360K, reserved 1062912K
  class space    used 1643K, capacity 1703K, committed 1792K, reserved 1048576K
}

