# JRE version: Java(TM) SE Runtime Environment (8.0_60-b27) (build 1.8.0_60-b27)
# Java VM: Java HotSpot(TM) 64-Bit Server VM (25.60-b23 mixed mode bsd-amd64 compressed oops)
Heap:
 PSYoungGen      total 118784K, used 43776K [0x0000000795580000, 0x000000079e800000, 0x00000007c0000000)
  eden space 102912K, 37% used [0x0000000795580000,0x0000000797b10028,0x000000079ba00000)
  from space 15872K, 33% used [0x000000079d880000,0x000000079ddb0020,0x000000079e800000)
  to   space 23552K, 0% used [0x000000079ba00000,0x000000079ba00000,0x000000079d100000)
 ParOldGen       total 135680K, used 34263K [0x0000000740000000, 0x0000000748480000, 0x0000000795580000)
  object space 135680K, 25% used [0x0000000740000000,0x0000000742175d10,0x0000000748480000)
 Metaspace       used 12947K, capacity 13121K, committed 13440K, reserved 1060864K
  class space    used 1316K, capacity 1375K, committed 1408K, reserved 1048576K
GC Heap History (10 events):
Event: 14.545 GC heap before
{Heap before GC invocations=15 (full 4):
 PSYoungGen      total 77824K, used 54592K [0x0000000795580000, 0x000000079b000000, 0x00000007c0000000)
  eden space 65024K, 76% used [0x0000000795580000,0x00000007985deec0,0x0000000799500000)
  from space 12800K, 39% used [0x000000079a380000,0x000000079a8714f8,0x000000079b000000)
  to   space 13824K, 0% used [0x0000000799500000,0x0000000799500000,0x000000079a280000)
 ParOldGen       total 223744K, used 197106K [0x0000000740000000, 0x000000074da80000, 0x0000000795580000)
  object space 223744K, 88% used [0x0000000740000000,0x000000074c07cbe0,0x000000074da80000)
 Metaspace       used 10994K, capacity 11201K, committed 11520K, reserved 1058816K
  class space    used 1154K, capacity 1247K, committed 1280K, reserved 1048576K
Event: 14.547 GC heap after
Heap after GC invocations=15 (full 4):
 PSYoungGen      total 78848K, used 194K [0x0000000795580000, 0x000000079c000000, 0x00000007c0000000)
  eden space 65024K, 0% used [0x0000000795580000,0x0000000795580000,0x0000000799500000)
  from space 13824K, 1% used [0x0000000799500000,0x00000007995309d0,0x000000079a280000)
  to   space 13824K, 0% used [0x000000079b280000,0x000000079b280000,0x000000079c000000)
 ParOldGen       total 223744K, used 197106K [0x0000000740000000, 0x000000074da80000, 0x0000000795580000)
  object space 223744K, 88% used [0x0000000740000000,0x000000074c07cbe0,0x000000074da80000)
 Metaspace       used 10994K, capacity 11201K, committed 11520K, reserved 1058816K
  class space    used 1154K, capacity 1247K, committed 1280K, reserved 1048576K
}
Event: 15.304 GC heap before
{Heap before GC invocations=16 (full 4):
 PSYoungGen      total 78848K, used 65218K [0x0000000795580000, 0x000000079c000000, 0x00000007c0000000)
  eden space 65024K, 100% used [0x0000000795580000,0x0000000799500000,0x0000000799500000)
  from space 13824K, 1% used [0x0000000799500000,0x00000007995309d0,0x000000079a280000)
  to   space 13824K, 0% used [0x000000079b280000,0x000000079b280000,0x000000079c000000)
 ParOldGen       total 223744K, used 197106K [0x0000000740000000, 0x000000074da80000, 0x0000000795580000)
  object space 223744K, 88% used [0x0000000740000000,0x000000074c07cbe0,0x000000074da80000)
 Metaspace       used 12271K, capacity 12481K, committed 12672K, reserved 1060864K
  class space    used 1288K, capacity 1375K, committed 1408K, reserved 1048576K
Event: 15.327 GC heap after
Heap after GC invocations=16 (full 4):
 PSYoungGen      total 93184K, used 12392K [0x0000000795580000, 0x000000079ca00000, 0x00000007c0000000)
  eden space 79360K, 0% used [0x0000000795580000,0x0000000795580000,0x000000079a300000)
  from space 13824K, 89% used [0x000000079b280000,0x000000079be9a368,0x000000079c000000)
  to   space 15872K, 0% used [0x000000079a300000,0x000000079a300000,0x000000079b280000)
 ParOldGen       total 223744K, used 197178K [0x0000000740000000, 0x000000074da80000, 0x0000000795580000)
  object space 223744K, 88% used [0x0000000740000000,0x000000074c08ebf0,0x000000074da80000)
 Metaspace       used 12271K, capacity 12481K, committed 12672K, reserved 1060864K
  class space    used 1288K, capacity 1375K, committed 1408K, reserved 1048576K
}
Event: 17.337 GC heap before
{Heap before GC invocations=17 (full 4):
 PSYoungGen      total 93184K, used 91752K [0x0000000795580000, 0x000000079ca00000, 0x00000007c0000000)
  eden space 79360K, 100% used [0x0000000795580000,0x000000079a300000,0x000000079a300000)
  from space 13824K, 89% used [0x000000079b280000,0x000000079be9a368,0x000000079c000000)
  to   space 15872K, 0% used [0x000000079a300000,0x000000079a300000,0x000000079b280000)
 ParOldGen       total 223744K, used 197178K [0x0000000740000000, 0x000000074da80000, 0x0000000795580000)
  object space 223744K, 88% used [0x0000000740000000,0x000000074c08ebf0,0x000000074da80000)
 Metaspace       used 12575K, capacity 12737K, committed 12928K, reserved 1060864K
  class space    used 1313K, capacity 1375K, committed 1408K, reserved 1048576K
Event: 17.386 GC heap after
Heap after GC invocations=17 (full 4):
 PSYoungGen      total 95232K, used 15872K [0x0000000795580000, 0x000000079f080000, 0x00000007c0000000)
  eden space 79360K, 0% used [0x0000000795580000,0x0000000795580000,0x000000079a300000)
  from space 15872K, 100% used [0x000000079a300000,0x000000079b280000,0x000000079b280000)
  to   space 24576K, 0% used [0x000000079d880000,0x000000079d880000,0x000000079f080000)
 ParOldGen       total 223744K, used 213308K [0x0000000740000000, 0x000000074da80000, 0x0000000795580000)
  object space 223744K, 95% used [0x0000000740000000,0x000000074d04f1b0,0x000000074da80000)
 Metaspace       used 12575K, capacity 12737K, committed 12928K, reserved 1060864K
  class space    used 1313K, capacity 1375K, committed 1408K, reserved 1048576K
}
Event: 17.386 GC heap before
{Heap before GC invocations=18 (full 5):
 PSYoungGen      total 95232K, used 15872K [0x0000000795580000, 0x000000079f080000, 0x00000007c0000000)
  eden space 79360K, 0% used [0x0000000795580000,0x0000000795580000,0x000000079a300000)
  from space 15872K, 100% used [0x000000079a300000,0x000000079b280000,0x000000079b280000)
  to   space 24576K, 0% used [0x000000079d880000,0x000000079d880000,0x000000079f080000)
 ParOldGen       total 223744K, used 213308K [0x0000000740000000, 0x000000074da80000, 0x0000000795580000)
  object space 223744K, 95% used [0x0000000740000000,0x000000074d04f1b0,0x000000074da80000)
 Metaspace       used 12575K, capacity 12737K, committed 12928K, reserved 1060864K
  class space    used 1313K, capacity 1375K, committed 1408K, reserved 1048576K
Event: 17.510 GC heap after
Heap after GC invocations=18 (full 5):
 PSYoungGen      total 95232K, used 0K [0x0000000795580000, 0x000000079f080000, 0x00000007c0000000)
  eden space 79360K, 0% used [0x0000000795580000,0x0000000795580000,0x000000079a300000)
  from space 15872K, 0% used [0x000000079a300000,0x000000079a300000,0x000000079b280000)
  to   space 24576K, 0% used [0x000000079d880000,0x000000079d880000,0x000000079f080000)
 ParOldGen       total 135680K, used 34255K [0x0000000740000000, 0x0000000748480000, 0x0000000795580000)
  object space 135680K, 25% used [0x0000000740000000,0x0000000742173d10,0x0000000748480000)
 Metaspace       used 12575K, capacity 12737K, committed 12928K, reserved 1060864K
  class space    used 1313K, capacity 1375K, committed 1408K, reserved 1048576K
}
Event: 38.266 GC heap before
{Heap before GC invocations=19 (full 5):
 PSYoungGen      total 95232K, used 79360K [0x0000000795580000, 0x000000079f080000, 0x00000007c0000000)
  eden space 79360K, 100% used [0x0000000795580000,0x000000079a300000,0x000000079a300000)
  from space 15872K, 0% used [0x000000079a300000,0x000000079a300000,0x000000079b280000)
  to   space 24576K, 0% used [0x000000079d880000,0x000000079d880000,0x000000079f080000)
 ParOldGen       total 135680K, used 34255K [0x0000000740000000, 0x0000000748480000, 0x0000000795580000)
  object space 135680K, 25% used [0x0000000740000000,0x0000000742173d10,0x0000000748480000)
 Metaspace       used 12902K, capacity 13057K, committed 13184K, reserved 1060864K
  class space    used 1315K, capacity 1375K, committed 1408K, reserved 1048576K
Event: 38.274 GC heap after
Heap after GC invocations=19 (full 5):
 PSYoungGen      total 118784K, used 5312K [0x0000000795580000, 0x000000079e800000, 0x00000007c0000000)
  eden space 102912K, 0% used [0x0000000795580000,0x0000000795580000,0x000000079ba00000)
  from space 15872K, 33% used [0x000000079d880000,0x000000079ddb0020,0x000000079e800000)
  to   space 23552K, 0% used [0x000000079ba00000,0x000000079ba00000,0x000000079d100000)
 ParOldGen       total 135680K, used 34263K [0x0000000740000000, 0x0000000748480000, 0x0000000795580000)
  object space 135680K, 25% used [0x0000000740000000,0x0000000742175d10,0x0000000748480000)
 Metaspace       used 12902K, capacity 13057K, committed 13184K, reserved 1060864K
  class space    used 1315K, capacity 1375K, committed 1408K, reserved 1048576K
}

