# JRE version: Java(TM) SE Runtime Environment (8.0_60-b27) (build 1.8.0_60-b27)
# Java VM: Java HotSpot(TM) 64-Bit Server VM (25.60-b23 mixed mode bsd-amd64 compressed oops)
Heap:
 PSYoungGen      total 155136K, used 105551K [0x0000000795580000, 0x00000007a4100000, 0x00000007c0000000)
  eden space 125440K, 60% used [0x0000000795580000,0x0000000799f97d30,0x000000079d000000)
  from space 29696K, 99% used [0x000000079d000000,0x000000079ecfc030,0x000000079ed00000)
  to   space 36864K, 0% used [0x00000007a1d00000,0x00000007a1d00000,0x00000007a4100000)
 ParOldGen       total 297472K, used 75461K [0x0000000740000000, 0x0000000752280000, 0x0000000795580000)
  object space 297472K, 25% used [0x0000000740000000,0x00000007449b1430,0x0000000752280000)
 Metaspace       used 15055K, capacity 15187K, committed 15360K, reserved 1062912K
  class space    used 1641K, capacity 1703K, committed 1792K, reserved 1048576K
GC Heap History (10 events):
Event: 17.238 GC heap before
{Heap before GC invocations=19 (full 6):
 PSYoungGen      total 95232K, used 70927K [0x0000000795580000, 0x000000079d600000, 0x00000007c0000000)
  eden space 79360K, 88% used [0x0000000795580000,0x00000007999dff78,0x000000079a300000)
  from space 15872K, 5% used [0x000000079a300000,0x000000079a3e3e40,0x000000079b280000)
  to   space 15360K, 0% used [0x000000079c700000,0x000000079c700000,0x000000079d600000)
 ParOldGen       total 232448K, used 218402K [0x0000000740000000, 0x000000074e300000, 0x0000000795580000)
  object space 232448K, 93% used [0x0000000740000000,0x000000074d5488c0,0x000000074e300000)
 Metaspace       used 12951K, capacity 13139K, committed 13312K, reserved 1060864K
  class space    used 1443K, capacity 1511K, committed 1536K, reserved 1048576K
Event: 17.252 GC heap after
Heap after GC invocations=19 (full 6):
 PSYoungGen      total 95232K, used 0K [0x0000000795580000, 0x000000079d600000, 0x00000007c0000000)
  eden space 79360K, 0% used [0x0000000795580000,0x0000000795580000,0x000000079a300000)
  from space 15872K, 0% used [0x000000079a300000,0x000000079a300000,0x000000079b280000)
  to   space 15360K, 0% used [0x000000079c700000,0x000000079c700000,0x000000079d600000)
 ParOldGen       total 297472K, used 20262K [0x0000000740000000, 0x0000000752280000, 0x0000000795580000)
  object space 297472K, 6% used [0x0000000740000000,0x00000007413c9af0,0x0000000752280000)
 Metaspace       used 12951K, capacity 13139K, committed 13312K, reserved 1060864K
  class space    used 1443K, capacity 1511K, committed 1536K, reserved 1048576K
}
Event: 17.602 GC heap before
{Heap before GC invocations=20 (full 6):
 PSYoungGen      total 95232K, used 79360K [0x0000000795580000, 0x000000079d600000, 0x00000007c0000000)
  eden space 79360K, 100% used [0x0000000795580000,0x000000079a300000,0x000000079a300000)
  from space 15872K, 0% used [0x000000079a300000,0x000000079a300000,0x000000079b280000)
  to   space 15360K, 0% used [0x000000079c700000,0x000000079c700000,0x000000079d600000)
 ParOldGen       total 297472K, used 20262K [0x0000000740000000, 0x0000000752280000, 0x0000000795580000)
  object space 297472K, 6% used [0x0000000740000000,0x00000007413c9af0,0x0000000752280000)
 Metaspace       used 12972K, capacity 13139K, committed 13312K, reserved 1060864K
  class space    used 1443K, capacity 1511K, committed 1536K, reserved 1048576K
Event: 17.615 GC heap after
Heap after GC invocations=20 (full 6):
 PSYoungGen      total 115712K, used 8384K [0x0000000795580000, 0x000000079d800000, 0x00000007c0000000)
  eden space 100352K, 0% used [0x0000000795580000,0x0000000795580000,0x000000079b780000)
  from space 15360K, 54% used [0x000000079c700000,0x000000079cf30080,0x000000079d600000)
  to   space 15872K, 0% used [0x000000079b780000,0x000000079b780000,0x000000079c700000)
 ParOldGen       total 297472K, used 53038K [0x0000000740000000, 0x0000000752280000, 0x0000000795580000)
  object space 297472K, 17% used [0x0000000740000000,0x00000007433cbb00,0x0000000752280000)
 Metaspace       used 12972K, capacity 13139K, committed 13312K, reserved 1060864K
  class space    used 1443K, capacity 1511K, committed 1536K, reserved 1048576K
}
Event: 20.336 GC heap before
{Heap before GC invocations=21 (full 6):
 PSYoungGen      total 115712K, used 108736K [0x0000000795580000, 0x000000079d800000, 0x00000007c0000000)
  eden space 100352K, 100% used [0x0000000795580000,0x000000079b780000,0x000000079b780000)
  from space 15360K, 54% used [0x000000079c700000,0x000000079cf30080,0x000000079d600000)
  to   space 15872K, 0% used [0x000000079b780000,0x000000079b780000,0x000000079c700000)
 ParOldGen       total 297472K, used 53038K [0x0000000740000000, 0x0000000752280000, 0x0000000795580000)
  object space 297472K, 17% used [0x0000000740000000,0x00000007433cbb00,0x0000000752280000)
 Metaspace       used 14687K, capacity 14867K, committed 15104K, reserved 1062912K
  class space    used 1630K, capacity 1703K, committed 1792K, reserved 1048576K
Event: 20.370 GC heap after
Heap after GC invocations=21 (full 6):
 PSYoungGen      total 116224K, used 15856K [0x0000000795580000, 0x00000007a0580000, 0x00000007c0000000)
  eden space 100352K, 0% used [0x0000000795580000,0x0000000795580000,0x000000079b780000)
  from space 15872K, 99% used [0x000000079b780000,0x000000079c6fc238,0x000000079c700000)
  to   space 25088K, 0% used [0x000000079ed00000,0x000000079ed00000,0x00000007a0580000)
 ParOldGen       total 297472K, used 70877K [0x0000000740000000, 0x0000000752280000, 0x0000000795580000)
  object space 297472K, 23% used [0x0000000740000000,0x0000000744537430,0x0000000752280000)
 Metaspace       used 14687K, capacity 14867K, committed 15104K, reserved 1062912K
  class space    used 1630K, capacity 1703K, committed 1792K, reserved 1048576K
}
Event: 20.728 GC heap before
{Heap before GC invocations=22 (full 6):
 PSYoungGen      total 116224K, used 116208K [0x0000000795580000, 0x00000007a0580000, 0x00000007c0000000)
  eden space 100352K, 100% used [0x0000000795580000,0x000000079b780000,0x000000079b780000)
  from space 15872K, 99% used [0x000000079b780000,0x000000079c6fc238,0x000000079c700000)
  to   space 25088K, 0% used [0x000000079ed00000,0x000000079ed00000,0x00000007a0580000)
 ParOldGen       total 297472K, used 70877K [0x0000000740000000, 0x0000000752280000, 0x0000000795580000)
  object space 297472K, 23% used [0x0000000740000000,0x0000000744537430,0x0000000752280000)
 Metaspace       used 14713K, capacity 14931K, committed 15104K, reserved 1062912K
  class space    used 1630K, capacity 1703K, committed 1792K, reserved 1048576K
Event: 20.775 GC heap after
Heap after GC invocations=22 (full 6):
 PSYoungGen      total 150528K, used 25040K [0x0000000795580000, 0x00000007a1f80000, 0x00000007c0000000)
  eden space 125440K, 0% used [0x0000000795580000,0x0000000795580000,0x000000079d000000)
  from space 25088K, 99% used [0x000000079ed00000,0x00000007a0574010,0x00000007a0580000)
  to   space 29696K, 0% used [0x000000079d000000,0x000000079d000000,0x000000079ed00000)
 ParOldGen       total 297472K, used 70885K [0x0000000740000000, 0x0000000752280000, 0x0000000795580000)
  object space 297472K, 23% used [0x0000000740000000,0x0000000744539430,0x0000000752280000)
 Metaspace       used 14713K, capacity 14931K, committed 15104K, reserved 1062912K
  class space    used 1630K, capacity 1703K, committed 1792K, reserved 1048576K
}
Event: 21.231 GC heap before
{Heap before GC invocations=23 (full 6):
 PSYoungGen      total 150528K, used 150480K [0x0000000795580000, 0x00000007a1f80000, 0x00000007c0000000)
  eden space 125440K, 100% used [0x0000000795580000,0x000000079d000000,0x000000079d000000)
  from space 25088K, 99% used [0x000000079ed00000,0x00000007a0574010,0x00000007a0580000)
  to   space 29696K, 0% used [0x000000079d000000,0x000000079d000000,0x000000079ed00000)
 ParOldGen       total 297472K, used 70885K [0x0000000740000000, 0x0000000752280000, 0x0000000795580000)
  object space 297472K, 23% used [0x0000000740000000,0x0000000744539430,0x0000000752280000)
 Metaspace       used 14804K, capacity 14995K, committed 15104K, reserved 1062912K
  class space    used 1638K, capacity 1703K, committed 1792K, reserved 1048576K
Event: 21.276 GC heap after
Heap after GC invocations=23 (full 6):
 PSYoungGen      total 155136K, used 29680K [0x0000000795580000, 0x00000007a4100000, 0x00000007c0000000)
  eden space 125440K, 0% used [0x0000000795580000,0x0000000795580000,0x000000079d000000)
  from space 29696K, 99% used [0x000000079d000000,0x000000079ecfc030,0x000000079ed00000)
  to   space 36864K, 0% used [0x00000007a1d00000,0x00000007a1d00000,0x00000007a4100000)
 ParOldGen       total 297472K, used 75461K [0x0000000740000000, 0x0000000752280000, 0x0000000795580000)
  object space 297472K, 25% used [0x0000000740000000,0x00000007449b1430,0x0000000752280000)
 Metaspace       used 14804K, capacity 14995K, committed 15104K, reserved 1062912K
  class space    used 1638K, capacity 1703K, committed 1792K, reserved 1048576K
}

