# JRE version: Java(TM) SE Runtime Environment (8.0_60-b27) (build 1.8.0_60-b27)
# Java VM: Java HotSpot(TM) 64-Bit Server VM (25.60-b23 mixed mode bsd-amd64 compressed oops)
Heap:
 PSYoungGen      total 88576K, used 66844K [0x0000000795580000, 0x000000079dd80000, 0x00000007c0000000)
  eden space 88064K, 75% used [0x0000000795580000,0x000000079967f370,0x000000079ab80000)
  from space 512K, 56% used [0x000000079ae00000,0x000000079ae48000,0x000000079ae80000)
  to   space 25600K, 0% used [0x000000079c480000,0x000000079c480000,0x000000079dd80000)
 ParOldGen       total 100864K, used 7909K [0x0000000740000000, 0x0000000746280000, 0x0000000795580000)
  object space 100864K, 7% used [0x0000000740000000,0x00000007407b94d0,0x0000000746280000)
 Metaspace       used 12851K, capacity 12993K, committed 13184K, reserved 1060864K
  class space    used 1318K, capacity 1375K, committed 1408K, reserved 1048576K
GC Heap History (10 events):
Event: 64.117 GC heap before
{Heap before GC invocations=12 (full 3):
 PSYoungGen      total 102912K, used 78624K [0x0000000795580000, 0x000000079d900000, 0x00000007c0000000)
  eden space 78336K, 100% used [0x0000000795580000,0x000000079a200000,0x000000079a200000)
  from space 24576K, 1% used [0x000000079c100000,0x000000079c148000,0x000000079d900000)
  to   space 28160K, 0% used [0x000000079a200000,0x000000079a200000,0x000000079bd80000)
 ParOldGen       total 100864K, used 7901K [0x0000000740000000, 0x0000000746280000, 0x0000000795580000)
  object space 100864K, 7% used [0x0000000740000000,0x00000007407b74d0,0x0000000746280000)
 Metaspace       used 12834K, capacity 12993K, committed 13184K, reserved 1060864K
  class space    used 1317K, capacity 1375K, committed 1408K, reserved 1048576K
Event: 64.119 GC heap after
Heap after GC invocations=12 (full 3):
 PSYoungGen      total 106496K, used 256K [0x0000000795580000, 0x000000079ea80000, 0x00000007c0000000)
  eden space 78336K, 0% used [0x0000000795580000,0x0000000795580000,0x000000079a200000)
  from space 28160K, 0% used [0x000000079a200000,0x000000079a240000,0x000000079bd80000)
  to   space 28160K, 0% used [0x000000079cf00000,0x000000079cf00000,0x000000079ea80000)
 ParOldGen       total 100864K, used 7909K [0x0000000740000000, 0x0000000746280000, 0x0000000795580000)
  object space 100864K, 7% used [0x0000000740000000,0x00000007407b94d0,0x0000000746280000)
 Metaspace       used 12834K, capacity 12993K, committed 13184K, reserved 1060864K
  class space    used 1317K, capacity 1375K, committed 1408K, reserved 1048576K
}
Event: 79.545 GC heap before
{Heap before GC invocations=13 (full 3):
 PSYoungGen      total 106496K, used 78592K [0x0000000795580000, 0x000000079ea80000, 0x00000007c0000000)
  eden space 78336K, 100% used [0x0000000795580000,0x000000079a200000,0x000000079a200000)
  from space 28160K, 0% used [0x000000079a200000,0x000000079a240000,0x000000079bd80000)
  to   space 28160K, 0% used [0x000000079cf00000,0x000000079cf00000,0x000000079ea80000)
 ParOldGen       total 100864K, used 7909K [0x0000000740000000, 0x0000000746280000, 0x0000000795580000)
  object space 100864K, 7% used [0x0000000740000000,0x00000007407b94d0,0x0000000746280000)
 Metaspace       used 12834K, capacity 12993K, committed 13184K, reserved 1060864K
  class space    used 1317K, capacity 1375K, committed 1408K, reserved 1048576K
Event: 79.548 GC heap after
Heap after GC invocations=13 (full 3):
 PSYoungGen      total 117248K, used 288K [0x0000000795580000, 0x000000079e680000, 0x00000007c0000000)
  eden space 93184K, 0% used [0x0000000795580000,0x0000000795580000,0x000000079b080000)
  from space 24064K, 1% used [0x000000079cf00000,0x000000079cf48000,0x000000079e680000)
  to   space 27648K, 0% used [0x000000079b080000,0x000000079b080000,0x000000079cb80000)
 ParOldGen       total 100864K, used 7909K [0x0000000740000000, 0x0000000746280000, 0x0000000795580000)
  object space 100864K, 7% used [0x0000000740000000,0x00000007407b94d0,0x0000000746280000)
 Metaspace       used 12834K, capacity 12993K, committed 13184K, reserved 1060864K
  class space    used 1317K, capacity 1375K, committed 1408K, reserved 1048576K
}
Event: 92.294 GC heap before
{Heap before GC invocations=14 (full 3):
 PSYoungGen      total 117248K, used 93472K [0x0000000795580000, 0x000000079e680000, 0x00000007c0000000)
  eden space 93184K, 100% used [0x0000000795580000,0x000000079b080000,0x000000079b080000)
  from space 24064K, 1% used [0x000000079cf00000,0x000000079cf48000,0x000000079e680000)
  to   space 27648K, 0% used [0x000000079b080000,0x000000079b080000,0x000000079cb80000)
 ParOldGen       total 100864K, used 7909K [0x0000000740000000, 0x0000000746280000, 0x0000000795580000)
  object space 100864K, 7% used [0x0000000740000000,0x00000007407b94d0,0x0000000746280000)
 Metaspace       used 12835K, capacity 12993K, committed 13184K, reserved 1060864K
  class space    used 1318K, capacity 1375K, committed 1408K, reserved 1048576K
Event: 92.297 GC heap after
Heap after GC invocations=14 (full 3):
 PSYoungGen      total 120832K, used 256K [0x0000000795580000, 0x000000079f380000, 0x00000007c0000000)
  eden space 93184K, 0% used [0x0000000795580000,0x0000000795580000,0x000000079b080000)
  from space 27648K, 0% used [0x000000079b080000,0x000000079b0c0000,0x000000079cb80000)
  to   space 27136K, 0% used [0x000000079d900000,0x000000079d900000,0x000000079f380000)
 ParOldGen       total 100864K, used 7909K [0x0000000740000000, 0x0000000746280000, 0x0000000795580000)
  object space 100864K, 7% used [0x0000000740000000,0x00000007407b94d0,0x0000000746280000)
 Metaspace       used 12835K, capacity 12993K, committed 13184K, reserved 1060864K
  class space    used 1318K, capacity 1375K, committed 1408K, reserved 1048576K
}
Event: 150.988 GC heap before
{Heap before GC invocations=15 (full 3):
 PSYoungGen      total 120832K, used 93440K [0x0000000795580000, 0x000000079f380000, 0x00000007c0000000)
  eden space 93184K, 100% used [0x0000000795580000,0x000000079b080000,0x000000079b080000)
  from space 27648K, 0% used [0x000000079b080000,0x000000079b0c0000,0x000000079cb80000)
  to   space 27136K, 0% used [0x000000079d900000,0x000000079d900000,0x000000079f380000)
 ParOldGen       total 100864K, used 7909K [0x0000000740000000, 0x0000000746280000, 0x0000000795580000)
  object space 100864K, 7% used [0x0000000740000000,0x00000007407b94d0,0x0000000746280000)
 Metaspace       used 12844K, capacity 12993K, committed 13184K, reserved 1060864K
  class space    used 1318K, capacity 1375K, committed 1408K, reserved 1048576K
Event: 150.991 GC heap after
Heap after GC invocations=15 (full 3):
 PSYoungGen      total 98816K, used 288K [0x0000000795580000, 0x000000079e100000, 0x00000007c0000000)
  eden space 90624K, 0% used [0x0000000795580000,0x0000000795580000,0x000000079ae00000)
  from space 8192K, 3% used [0x000000079d900000,0x000000079d948000,0x000000079e100000)
  to   space 26112K, 0% used [0x000000079ae00000,0x000000079ae00000,0x000000079c780000)
 ParOldGen       total 100864K, used 7909K [0x0000000740000000, 0x0000000746280000, 0x0000000795580000)
  object space 100864K, 7% used [0x0000000740000000,0x00000007407b94d0,0x0000000746280000)
 Metaspace       used 12844K, capacity 12993K, committed 13184K, reserved 1060864K
  class space    used 1318K, capacity 1375K, committed 1408K, reserved 1048576K
}
Event: 159.831 GC heap before
{Heap before GC invocations=16 (full 3):
 PSYoungGen      total 98816K, used 90912K [0x0000000795580000, 0x000000079e100000, 0x00000007c0000000)
  eden space 90624K, 100% used [0x0000000795580000,0x000000079ae00000,0x000000079ae00000)
  from space 8192K, 3% used [0x000000079d900000,0x000000079d948000,0x000000079e100000)
  to   space 26112K, 0% used [0x000000079ae00000,0x000000079ae00000,0x000000079c780000)
 ParOldGen       total 100864K, used 7909K [0x0000000740000000, 0x0000000746280000, 0x0000000795580000)
  object space 100864K, 7% used [0x0000000740000000,0x00000007407b94d0,0x0000000746280000)
 Metaspace       used 12844K, capacity 12993K, committed 13184K, reserved 1060864K
  class space    used 1318K, capacity 1375K, committed 1408K, reserved 1048576K
Event: 159.834 GC heap after
Heap after GC invocations=16 (full 3):
 PSYoungGen      total 88576K, used 288K [0x0000000795580000, 0x000000079dd80000, 0x00000007c0000000)
  eden space 88064K, 0% used [0x0000000795580000,0x0000000795580000,0x000000079ab80000)
  from space 512K, 56% used [0x000000079ae00000,0x000000079ae48000,0x000000079ae80000)
  to   space 25600K, 0% used [0x000000079c480000,0x000000079c480000,0x000000079dd80000)
 ParOldGen       total 100864K, used 7909K [0x0000000740000000, 0x0000000746280000, 0x0000000795580000)
  object space 100864K, 7% used [0x0000000740000000,0x00000007407b94d0,0x0000000746280000)
 Metaspace       used 12844K, capacity 12993K, committed 13184K, reserved 1060864K
  class space    used 1318K, capacity 1375K, committed 1408K, reserved 1048576K
}

