# JRE version: Java(TM) SE Runtime Environment (8.0_60-b27) (build 1.8.0_60-b27)
# Java VM: Java HotSpot(TM) 64-Bit Server VM (25.60-b23 mixed mode bsd-amd64 compressed oops)
Heap:
 PSYoungGen      total 43008K, used 1142K [0x0000000795580000, 0x0000000799b80000, 0x00000007c0000000)
  eden space 32768K, 3% used [0x0000000795580000,0x000000079569d8b0,0x0000000797580000)
  from space 10240K, 0% used [0x0000000797f80000,0x0000000797f80000,0x0000000798980000)
  to   space 10240K, 0% used [0x0000000797580000,0x0000000797580000,0x0000000797f80000)
 ParOldGen       total 68608K, used 8339K [0x0000000740000000, 0x0000000744300000, 0x0000000795580000)
  object space 68608K, 12% used [0x0000000740000000,0x0000000740824d58,0x0000000744300000)
 Metaspace       used 12665K, capacity 12801K, committed 12928K, reserved 1060864K
  class space    used 1312K, capacity 1375K, committed 1408K, reserved 1048576K
GC Heap History (10 events):
Event: 6.014 GC heap before
{Heap before GC invocations=4 (full 0):
 PSYoungGen      total 38400K, used 37595K [0x0000000795580000, 0x0000000798000000, 0x00000007c0000000)
  eden space 33280K, 97% used [0x0000000795580000,0x000000079754dcf8,0x0000000797600000)
  from space 5120K, 98% used [0x0000000797600000,0x0000000797ae8f60,0x0000000797b00000)
  to   space 5120K, 0% used [0x0000000797b00000,0x0000000797b00000,0x0000000798000000)
 ParOldGen       total 153600K, used 143238K [0x0000000740000000, 0x0000000749600000, 0x0000000795580000)
  object space 153600K, 93% used [0x0000000740000000,0x0000000748be1ba0,0x0000000749600000)
 Metaspace       used 10659K, capacity 10817K, committed 11008K, reserved 1058816K
  class space    used 1126K, capacity 1183K, committed 1280K, reserved 1048576K
Event: 6.017 GC heap after
Heap after GC invocations=4 (full 0):
 PSYoungGen      total 38400K, used 3333K [0x0000000795580000, 0x0000000798000000, 0x00000007c0000000)
  eden space 33280K, 0% used [0x0000000795580000,0x0000000795580000,0x0000000797600000)
  from space 5120K, 65% used [0x0000000797b00000,0x0000000797e41448,0x0000000798000000)
  to   space 5120K, 0% used [0x0000000797600000,0x0000000797600000,0x0000000797b00000)
 ParOldGen       total 153600K, used 143246K [0x0000000740000000, 0x0000000749600000, 0x0000000795580000)
  object space 153600K, 93% used [0x0000000740000000,0x0000000748be3ba0,0x0000000749600000)
 Metaspace       used 10659K, capacity 10817K, committed 11008K, reserved 1058816K
  class space    used 1126K, capacity 1183K, committed 1280K, reserved 1048576K
}
Event: 6.594 GC heap before
{Heap before GC invocations=5 (full 0):
 PSYoungGen      total 38400K, used 36593K [0x0000000795580000, 0x0000000798000000, 0x00000007c0000000)
  eden space 33280K, 99% used [0x0000000795580000,0x00000007975fb1d0,0x0000000797600000)
  from space 5120K, 65% used [0x0000000797b00000,0x0000000797e41448,0x0000000798000000)
  to   space 5120K, 0% used [0x0000000797600000,0x0000000797600000,0x0000000797b00000)
 ParOldGen       total 153600K, used 143246K [0x0000000740000000, 0x0000000749600000, 0x0000000795580000)
  object space 153600K, 93% used [0x0000000740000000,0x0000000748be3ba0,0x0000000749600000)
 Metaspace       used 12307K, capacity 12481K, committed 12672K, reserved 1060864K
  class space    used 1303K, capacity 1375K, committed 1408K, reserved 1048576K
Event: 6.604 GC heap after
Heap after GC invocations=5 (full 0):
 PSYoungGen      total 37888K, used 5112K [0x0000000795580000, 0x0000000798980000, 0x00000007c0000000)
  eden space 32768K, 0% used [0x0000000795580000,0x0000000795580000,0x0000000797580000)
  from space 5120K, 99% used [0x0000000797600000,0x0000000797afe158,0x0000000797b00000)
  to   space 10240K, 0% used [0x0000000797f80000,0x0000000797f80000,0x0000000798980000)
 ParOldGen       total 153600K, used 145479K [0x0000000740000000, 0x0000000749600000, 0x0000000795580000)
  object space 153600K, 94% used [0x0000000740000000,0x0000000748e11c40,0x0000000749600000)
 Metaspace       used 12307K, capacity 12481K, committed 12672K, reserved 1060864K
  class space    used 1303K, capacity 1375K, committed 1408K, reserved 1048576K
}
Event: 6.604 GC heap before
{Heap before GC invocations=6 (full 1):
 PSYoungGen      total 37888K, used 5112K [0x0000000795580000, 0x0000000798980000, 0x00000007c0000000)
  eden space 32768K, 0% used [0x0000000795580000,0x0000000795580000,0x0000000797580000)
  from space 5120K, 99% used [0x0000000797600000,0x0000000797afe158,0x0000000797b00000)
  to   space 10240K, 0% used [0x0000000797f80000,0x0000000797f80000,0x0000000798980000)
 ParOldGen       total 153600K, used 145479K [0x0000000740000000, 0x0000000749600000, 0x0000000795580000)
  object space 153600K, 94% used [0x0000000740000000,0x0000000748e11c40,0x0000000749600000)
 Metaspace       used 12307K, capacity 12481K, committed 12672K, reserved 1060864K
  class space    used 1303K, capacity 1375K, committed 1408K, reserved 1048576K
Event: 6.643 GC heap after
Heap after GC invocations=6 (full 1):
 PSYoungGen      total 37888K, used 0K [0x0000000795580000, 0x0000000798980000, 0x00000007c0000000)
  eden space 32768K, 0% used [0x0000000795580000,0x0000000795580000,0x0000000797580000)
  from space 5120K, 0% used [0x0000000797600000,0x0000000797600000,0x0000000797b00000)
  to   space 10240K, 0% used [0x0000000797f80000,0x0000000797f80000,0x0000000798980000)
 ParOldGen       total 68608K, used 7650K [0x0000000740000000, 0x0000000744300000, 0x0000000795580000)
  object space 68608K, 11% used [0x0000000740000000,0x0000000740778988,0x0000000744300000)
 Metaspace       used 12307K, capacity 12481K, committed 12672K, reserved 1060864K
  class space    used 1303K, capacity 1375K, committed 1408K, reserved 1048576K
}
Event: 7.430 GC heap before
{Heap before GC invocations=7 (full 1):
 PSYoungGen      total 37888K, used 32768K [0x0000000795580000, 0x0000000798980000, 0x00000007c0000000)
  eden space 32768K, 100% used [0x0000000795580000,0x0000000797580000,0x0000000797580000)
  from space 5120K, 0% used [0x0000000797600000,0x0000000797600000,0x0000000797b00000)
  to   space 10240K, 0% used [0x0000000797f80000,0x0000000797f80000,0x0000000798980000)
 ParOldGen       total 68608K, used 7650K [0x0000000740000000, 0x0000000744300000, 0x0000000795580000)
  object space 68608K, 11% used [0x0000000740000000,0x0000000740778988,0x0000000744300000)
 Metaspace       used 12428K, capacity 12545K, committed 12672K, reserved 1060864K
  class space    used 1309K, capacity 1375K, committed 1408K, reserved 1048576K
Event: 7.433 GC heap after
Heap after GC invocations=7 (full 1):
 PSYoungGen      total 43008K, used 4393K [0x0000000795580000, 0x0000000799b80000, 0x00000007c0000000)
  eden space 32768K, 0% used [0x0000000795580000,0x0000000795580000,0x0000000797580000)
  from space 10240K, 42% used [0x0000000797f80000,0x00000007983ca670,0x0000000798980000)
  to   space 10240K, 0% used [0x0000000797580000,0x0000000797580000,0x0000000797f80000)
 ParOldGen       total 68608K, used 7658K [0x0000000740000000, 0x0000000744300000, 0x0000000795580000)
  object space 68608K, 11% used [0x0000000740000000,0x000000074077a988,0x0000000744300000)
 Metaspace       used 12428K, capacity 12545K, committed 12672K, reserved 1060864K
  class space    used 1309K, capacity 1375K, committed 1408K, reserved 1048576K
}
Event: 21.292 GC heap before
{Heap before GC invocations=8 (full 2):
 PSYoungGen      total 43008K, used 37161K [0x0000000795580000, 0x0000000799b80000, 0x00000007c0000000)
  eden space 32768K, 100% used [0x0000000795580000,0x0000000797580000,0x0000000797580000)
  from space 10240K, 42% used [0x0000000797f80000,0x00000007983ca670,0x0000000798980000)
  to   space 10240K, 0% used [0x0000000797580000,0x0000000797580000,0x0000000797f80000)
 ParOldGen       total 174592K, used 161978K [0x0000000740000000, 0x000000074aa80000, 0x0000000795580000)
  object space 174592K, 92% used [0x0000000740000000,0x0000000749e2e938,0x000000074aa80000)
 Metaspace       used 12655K, capacity 12801K, committed 12928K, reserved 1060864K
  class space    used 1312K, capacity 1375K, committed 1408K, reserved 1048576K
Event: 21.318 GC heap after
Heap after GC invocations=8 (full 2):
 PSYoungGen      total 43008K, used 0K [0x0000000795580000, 0x0000000799b80000, 0x00000007c0000000)
  eden space 32768K, 0% used [0x0000000795580000,0x0000000795580000,0x0000000797580000)
  from space 10240K, 0% used [0x0000000797f80000,0x0000000797f80000,0x0000000798980000)
  to   space 10240K, 0% used [0x0000000797580000,0x0000000797580000,0x0000000797f80000)
 ParOldGen       total 68608K, used 8339K [0x0000000740000000, 0x0000000744300000, 0x0000000795580000)
  object space 68608K, 12% used [0x0000000740000000,0x0000000740824d58,0x0000000744300000)
 Metaspace       used 12655K, capacity 12801K, committed 12928K, reserved 1060864K
  class space    used 1312K, capacity 1375K, committed 1408K, reserved 1048576K
}

