# JRE version: Java(TM) SE Runtime Environment (8.0_60-b27) (build 1.8.0_60-b27)
# Java VM: Java HotSpot(TM) 64-Bit Server VM (25.60-b23 mixed mode bsd-amd64 compressed oops)
Heap:
 PSYoungGen      total 47616K, used 35964K [0x0000000795580000, 0x0000000799580000, 0x00000007c0000000)
  eden space 47104K, 76% used [0x0000000795580000,0x000000079787f138,0x0000000798380000)
  from space 512K, 25% used [0x0000000798480000,0x00000007984a0000,0x0000000798500000)
  to   space 9216K, 0% used [0x0000000798c80000,0x0000000798c80000,0x0000000799580000)
 ParOldGen       total 239616K, used 219022K [0x0000000740000000, 0x000000074ea00000, 0x0000000795580000)
  object space 239616K, 91% used [0x0000000740000000,0x000000074d5e3860,0x000000074ea00000)
 Metaspace       used 12852K, capacity 12993K, committed 13184K, reserved 1060864K
  class space    used 1316K, capacity 1375K, committed 1408K, reserved 1048576K
GC Heap History (10 events):
Event: 69.072 GC heap before
{Heap before GC invocations=16 (full 1):
 PSYoungGen      total 52736K, used 52352K [0x0000000795580000, 0x000000079a780000, 0x00000007c0000000)
  eden space 52224K, 100% used [0x0000000795580000,0x0000000798880000,0x0000000798880000)
  from space 512K, 25% used [0x000000079a700000,0x000000079a720000,0x000000079a780000)
  to   space 10752K, 0% used [0x0000000799280000,0x0000000799280000,0x0000000799d00000)
 ParOldGen       total 239616K, used 219006K [0x0000000740000000, 0x000000074ea00000, 0x0000000795580000)
  object space 239616K, 91% used [0x0000000740000000,0x000000074d5df860,0x000000074ea00000)
 Metaspace       used 12841K, capacity 12993K, committed 13184K, reserved 1060864K
  class space    used 1316K, capacity 1375K, committed 1408K, reserved 1048576K
Event: 69.075 GC heap after
Heap after GC invocations=16 (full 1):
 PSYoungGen      total 61952K, used 96K [0x0000000795580000, 0x000000079a780000, 0x00000007c0000000)
  eden space 51200K, 0% used [0x0000000795580000,0x0000000795580000,0x0000000798780000)
  from space 10752K, 0% used [0x0000000799280000,0x0000000799298000,0x0000000799d00000)
  to   space 10752K, 0% used [0x0000000799d00000,0x0000000799d00000,0x000000079a780000)
 ParOldGen       total 239616K, used 219014K [0x0000000740000000, 0x000000074ea00000, 0x0000000795580000)
  object space 239616K, 91% used [0x0000000740000000,0x000000074d5e1860,0x000000074ea00000)
 Metaspace       used 12841K, capacity 12993K, committed 13184K, reserved 1060864K
  class space    used 1316K, capacity 1375K, committed 1408K, reserved 1048576K
}
Event: 72.878 GC heap before
{Heap before GC invocations=17 (full 1):
 PSYoungGen      total 61952K, used 51280K [0x0000000795580000, 0x000000079a780000, 0x00000007c0000000)
  eden space 51200K, 99% used [0x0000000795580000,0x000000079877c2f8,0x0000000798780000)
  from space 10752K, 0% used [0x0000000799280000,0x0000000799298000,0x0000000799d00000)
  to   space 10752K, 0% used [0x0000000799d00000,0x0000000799d00000,0x000000079a780000)
 ParOldGen       total 239616K, used 219014K [0x0000000740000000, 0x000000074ea00000, 0x0000000795580000)
  object space 239616K, 91% used [0x0000000740000000,0x000000074d5e1860,0x000000074ea00000)
 Metaspace       used 12841K, capacity 12993K, committed 13184K, reserved 1060864K
  class space    used 1316K, capacity 1375K, committed 1408K, reserved 1048576K
Event: 72.881 GC heap after
Heap after GC invocations=17 (full 1):
 PSYoungGen      total 50688K, used 160K [0x0000000795580000, 0x0000000799d80000, 0x00000007c0000000)
  eden space 50176K, 0% used [0x0000000795580000,0x0000000795580000,0x0000000798680000)
  from space 512K, 31% used [0x0000000799d00000,0x0000000799d28000,0x0000000799d80000)
  to   space 10240K, 0% used [0x0000000798980000,0x0000000798980000,0x0000000799380000)
 ParOldGen       total 239616K, used 219014K [0x0000000740000000, 0x000000074ea00000, 0x0000000795580000)
  object space 239616K, 91% used [0x0000000740000000,0x000000074d5e1860,0x000000074ea00000)
 Metaspace       used 12841K, capacity 12993K, committed 13184K, reserved 1060864K
  class space    used 1316K, capacity 1375K, committed 1408K, reserved 1048576K
}
Event: 79.711 GC heap before
{Heap before GC invocations=18 (full 1):
 PSYoungGen      total 50688K, used 50336K [0x0000000795580000, 0x0000000799d80000, 0x00000007c0000000)
  eden space 50176K, 100% used [0x0000000795580000,0x0000000798680000,0x0000000798680000)
  from space 512K, 31% used [0x0000000799d00000,0x0000000799d28000,0x0000000799d80000)
  to   space 10240K, 0% used [0x0000000798980000,0x0000000798980000,0x0000000799380000)
 ParOldGen       total 239616K, used 219014K [0x0000000740000000, 0x000000074ea00000, 0x0000000795580000)
  object space 239616K, 91% used [0x0000000740000000,0x000000074d5e1860,0x000000074ea00000)
 Metaspace       used 12841K, capacity 12993K, committed 13184K, reserved 1060864K
  class space    used 1316K, capacity 1375K, committed 1408K, reserved 1048576K
Event: 79.713 GC heap after
Heap after GC invocations=18 (full 1):
 PSYoungGen      total 59392K, used 128K [0x0000000795580000, 0x0000000799d80000, 0x00000007c0000000)
  eden space 49152K, 0% used [0x0000000795580000,0x0000000795580000,0x0000000798580000)
  from space 10240K, 1% used [0x0000000798980000,0x00000007989a0000,0x0000000799380000)
  to   space 10240K, 0% used [0x0000000799380000,0x0000000799380000,0x0000000799d80000)
 ParOldGen       total 239616K, used 219014K [0x0000000740000000, 0x000000074ea00000, 0x0000000795580000)
  object space 239616K, 91% used [0x0000000740000000,0x000000074d5e1860,0x000000074ea00000)
 Metaspace       used 12841K, capacity 12993K, committed 13184K, reserved 1060864K
  class space    used 1316K, capacity 1375K, committed 1408K, reserved 1048576K
}
Event: 89.441 GC heap before
{Heap before GC invocations=19 (full 1):
 PSYoungGen      total 59392K, used 49166K [0x0000000795580000, 0x0000000799d80000, 0x00000007c0000000)
  eden space 49152K, 99% used [0x0000000795580000,0x0000000798563910,0x0000000798580000)
  from space 10240K, 1% used [0x0000000798980000,0x00000007989a0000,0x0000000799380000)
  to   space 10240K, 0% used [0x0000000799380000,0x0000000799380000,0x0000000799d80000)
 ParOldGen       total 239616K, used 219014K [0x0000000740000000, 0x000000074ea00000, 0x0000000795580000)
  object space 239616K, 91% used [0x0000000740000000,0x000000074d5e1860,0x000000074ea00000)
 Metaspace       used 12842K, capacity 12993K, committed 13184K, reserved 1060864K
  class space    used 1316K, capacity 1375K, committed 1408K, reserved 1048576K
Event: 89.443 GC heap after
Heap after GC invocations=19 (full 1):
 PSYoungGen      total 52224K, used 128K [0x0000000795580000, 0x0000000799780000, 0x00000007c0000000)
  eden space 48128K, 0% used [0x0000000795580000,0x0000000795580000,0x0000000798480000)
  from space 4096K, 3% used [0x0000000799380000,0x00000007993a0000,0x0000000799780000)
  to   space 9728K, 0% used [0x0000000798480000,0x0000000798480000,0x0000000798e00000)
 ParOldGen       total 239616K, used 219014K [0x0000000740000000, 0x000000074ea00000, 0x0000000795580000)
  object space 239616K, 91% used [0x0000000740000000,0x000000074d5e1860,0x000000074ea00000)
 Metaspace       used 12842K, capacity 12993K, committed 13184K, reserved 1060864K
  class space    used 1316K, capacity 1375K, committed 1408K, reserved 1048576K
}
Event: 96.279 GC heap before
{Heap before GC invocations=20 (full 1):
 PSYoungGen      total 52224K, used 48256K [0x0000000795580000, 0x0000000799780000, 0x00000007c0000000)
  eden space 48128K, 100% used [0x0000000795580000,0x0000000798480000,0x0000000798480000)
  from space 4096K, 3% used [0x0000000799380000,0x00000007993a0000,0x0000000799780000)
  to   space 9728K, 0% used [0x0000000798480000,0x0000000798480000,0x0000000798e00000)
 ParOldGen       total 239616K, used 219014K [0x0000000740000000, 0x000000074ea00000, 0x0000000795580000)
  object space 239616K, 91% used [0x0000000740000000,0x000000074d5e1860,0x000000074ea00000)
 Metaspace       used 12847K, capacity 12993K, committed 13184K, reserved 1060864K
  class space    used 1316K, capacity 1375K, committed 1408K, reserved 1048576K
Event: 96.281 GC heap after
Heap after GC invocations=20 (full 1):
 PSYoungGen      total 47616K, used 128K [0x0000000795580000, 0x0000000799580000, 0x00000007c0000000)
  eden space 47104K, 0% used [0x0000000795580000,0x0000000795580000,0x0000000798380000)
  from space 512K, 25% used [0x0000000798480000,0x00000007984a0000,0x0000000798500000)
  to   space 9216K, 0% used [0x0000000798c80000,0x0000000798c80000,0x0000000799580000)
 ParOldGen       total 239616K, used 219022K [0x0000000740000000, 0x000000074ea00000, 0x0000000795580000)
  object space 239616K, 91% used [0x0000000740000000,0x000000074d5e3860,0x000000074ea00000)
 Metaspace       used 12847K, capacity 12993K, committed 13184K, reserved 1060864K
  class space    used 1316K, capacity 1375K, committed 1408K, reserved 1048576K
}

