# JRE version: Java(TM) SE Runtime Environment (8.0_60-b27) (build 1.8.0_60-b27)
# Java VM: Java HotSpot(TM) 64-Bit Server VM (25.60-b23 mixed mode bsd-amd64 compressed oops)
Heap:
 PSYoungGen      total 65536K, used 58048K [0x0000000174980000, 0x0000000179a00000, 0x000000019f400000)
  eden space 56832K, 100% used [0x0000000174980000,0x0000000178100000,0x0000000178100000)
  from space 8704K, 13% used [0x0000000178100000,0x0000000178230000,0x0000000178980000)
  to   space 8704K, 0% used [0x0000000179180000,0x0000000179180000,0x0000000179a00000)
 ParOldGen       total 108032K, used 9740K [0x000000011f400000, 0x0000000125d80000, 0x0000000174980000)
  object space 108032K, 9% used [0x000000011f400000,0x000000011fd83028,0x0000000125d80000)
 Metaspace       used 12877K, capacity 13057K, committed 13184K, reserved 1060864K
  class space    used 1313K, capacity 1375K, committed 1408K, reserved 1048576K
GC Heap History (10 events):
Event: 10.248 GC heap before
{Heap before GC invocations=10 (full 3):
 PSYoungGen      total 41472K, used 33280K [0x0000000174980000, 0x0000000179380000, 0x000000019f400000)
  eden space 33280K, 100% used [0x0000000174980000,0x0000000176a00000,0x0000000176a00000)
  from space 8192K, 0% used [0x0000000176a00000,0x0000000176a00000,0x0000000177200000)
  to   space 8704K, 0% used [0x0000000178b00000,0x0000000178b00000,0x0000000179380000)
 ParOldGen       total 90624K, used 74878K [0x000000011f400000, 0x0000000124c80000, 0x0000000174980000)
  object space 90624K, 82% used [0x000000011f400000,0x0000000123d1fa08,0x0000000124c80000)
 Metaspace       used 12341K, capacity 12481K, committed 12672K, reserved 1060864K
  class space    used 1303K, capacity 1375K, committed 1408K, reserved 1048576K
Event: 10.279 GC heap after
Heap after GC invocations=10 (full 3):
 PSYoungGen      total 41472K, used 0K [0x0000000174980000, 0x0000000179380000, 0x000000019f400000)
  eden space 33280K, 0% used [0x0000000174980000,0x0000000174980000,0x0000000176a00000)
  from space 8192K, 0% used [0x0000000176a00000,0x0000000176a00000,0x0000000177200000)
  to   space 8704K, 0% used [0x0000000178b00000,0x0000000178b00000,0x0000000179380000)
 ParOldGen       total 108032K, used 9708K [0x000000011f400000, 0x0000000125d80000, 0x0000000174980000)
  object space 108032K, 8% used [0x000000011f400000,0x000000011fd7b028,0x0000000125d80000)
 Metaspace       used 12341K, capacity 12481K, committed 12672K, reserved 1060864K
  class space    used 1303K, capacity 1375K, committed 1408K, reserved 1048576K
}
Event: 10.456 GC heap before
{Heap before GC invocations=11 (full 3):
 PSYoungGen      total 41472K, used 33280K [0x0000000174980000, 0x0000000179380000, 0x000000019f400000)
  eden space 33280K, 100% used [0x0000000174980000,0x0000000176a00000,0x0000000176a00000)
  from space 8192K, 0% used [0x0000000176a00000,0x0000000176a00000,0x0000000177200000)
  to   space 8704K, 0% used [0x0000000178b00000,0x0000000178b00000,0x0000000179380000)
 ParOldGen       total 108032K, used 9708K [0x000000011f400000, 0x0000000125d80000, 0x0000000174980000)
  object space 108032K, 8% used [0x000000011f400000,0x000000011fd7b028,0x0000000125d80000)
 Metaspace       used 12490K, capacity 12673K, committed 12928K, reserved 1060864K
  class space    used 1310K, capacity 1375K, committed 1408K, reserved 1048576K
Event: 10.458 GC heap after
Heap after GC invocations=11 (full 3):
 PSYoungGen      total 48128K, used 608K [0x0000000174980000, 0x0000000178c00000, 0x000000019f400000)
  eden space 47104K, 0% used [0x0000000174980000,0x0000000174980000,0x0000000177780000)
  from space 1024K, 59% used [0x0000000178b00000,0x0000000178b98000,0x0000000178c00000)
  to   space 8704K, 0% used [0x0000000177b00000,0x0000000177b00000,0x0000000178380000)
 ParOldGen       total 108032K, used 9716K [0x000000011f400000, 0x0000000125d80000, 0x0000000174980000)
  object space 108032K, 8% used [0x000000011f400000,0x000000011fd7d028,0x0000000125d80000)
 Metaspace       used 12490K, capacity 12673K, committed 12928K, reserved 1060864K
  class space    used 1310K, capacity 1375K, committed 1408K, reserved 1048576K
}
Event: 23.590 GC heap before
{Heap before GC invocations=12 (full 3):
 PSYoungGen      total 48128K, used 47712K [0x0000000174980000, 0x0000000178c00000, 0x000000019f400000)
  eden space 47104K, 100% used [0x0000000174980000,0x0000000177780000,0x0000000177780000)
  from space 1024K, 59% used [0x0000000178b00000,0x0000000178b98000,0x0000000178c00000)
  to   space 8704K, 0% used [0x0000000177b00000,0x0000000177b00000,0x0000000178380000)
 ParOldGen       total 108032K, used 9716K [0x000000011f400000, 0x0000000125d80000, 0x0000000174980000)
  object space 108032K, 8% used [0x000000011f400000,0x000000011fd7d028,0x0000000125d80000)
 Metaspace       used 12782K, capacity 12993K, committed 13184K, reserved 1060864K
  class space    used 1312K, capacity 1375K, committed 1408K, reserved 1048576K
Event: 23.593 GC heap after
Heap after GC invocations=12 (full 3):
 PSYoungGen      total 59392K, used 1248K [0x0000000174980000, 0x0000000179200000, 0x000000019f400000)
  eden space 50688K, 0% used [0x0000000174980000,0x0000000174980000,0x0000000177b00000)
  from space 8704K, 14% used [0x0000000177b00000,0x0000000177c38000,0x0000000178380000)
  to   space 8704K, 0% used [0x0000000178980000,0x0000000178980000,0x0000000179200000)
 ParOldGen       total 108032K, used 9724K [0x000000011f400000, 0x0000000125d80000, 0x0000000174980000)
  object space 108032K, 9% used [0x000000011f400000,0x000000011fd7f028,0x0000000125d80000)
 Metaspace       used 12782K, capacity 12993K, committed 13184K, reserved 1060864K
  class space    used 1312K, capacity 1375K, committed 1408K, reserved 1048576K
}
Event: 26.762 GC heap before
{Heap before GC invocations=13 (full 3):
 PSYoungGen      total 59392K, used 51936K [0x0000000174980000, 0x0000000179200000, 0x000000019f400000)
  eden space 50688K, 100% used [0x0000000174980000,0x0000000177b00000,0x0000000177b00000)
  from space 8704K, 14% used [0x0000000177b00000,0x0000000177c38000,0x0000000178380000)
  to   space 8704K, 0% used [0x0000000178980000,0x0000000178980000,0x0000000179200000)
 ParOldGen       total 108032K, used 9724K [0x000000011f400000, 0x0000000125d80000, 0x0000000174980000)
  object space 108032K, 9% used [0x000000011f400000,0x000000011fd7f028,0x0000000125d80000)
 Metaspace       used 12803K, capacity 12993K, committed 13184K, reserved 1060864K
  class space    used 1312K, capacity 1375K, committed 1408K, reserved 1048576K
Event: 26.764 GC heap after
Heap after GC invocations=13 (full 3):
 PSYoungGen      total 65536K, used 1088K [0x0000000174980000, 0x0000000179500000, 0x000000019f400000)
  eden space 56832K, 0% used [0x0000000174980000,0x0000000174980000,0x0000000178100000)
  from space 8704K, 12% used [0x0000000178980000,0x0000000178a90000,0x0000000179200000)
  to   space 8704K, 0% used [0x0000000178100000,0x0000000178100000,0x0000000178980000)
 ParOldGen       total 108032K, used 9732K [0x000000011f400000, 0x0000000125d80000, 0x0000000174980000)
  object space 108032K, 9% used [0x000000011f400000,0x000000011fd81028,0x0000000125d80000)
 Metaspace       used 12803K, capacity 12993K, committed 13184K, reserved 1060864K
  class space    used 1312K, capacity 1375K, committed 1408K, reserved 1048576K
}
Event: 34.069 GC heap before
{Heap before GC invocations=14 (full 3):
 PSYoungGen      total 65536K, used 57920K [0x0000000174980000, 0x0000000179500000, 0x000000019f400000)
  eden space 56832K, 100% used [0x0000000174980000,0x0000000178100000,0x0000000178100000)
  from space 8704K, 12% used [0x0000000178980000,0x0000000178a90000,0x0000000179200000)
  to   space 8704K, 0% used [0x0000000178100000,0x0000000178100000,0x0000000178980000)
 ParOldGen       total 108032K, used 9732K [0x000000011f400000, 0x0000000125d80000, 0x0000000174980000)
  object space 108032K, 9% used [0x000000011f400000,0x000000011fd81028,0x0000000125d80000)
 Metaspace       used 12833K, capacity 12993K, committed 13184K, reserved 1060864K
  class space    used 1312K, capacity 1375K, committed 1408K, reserved 1048576K
Event: 34.072 GC heap after
Heap after GC invocations=14 (full 3):
 PSYoungGen      total 65536K, used 1216K [0x0000000174980000, 0x0000000179a00000, 0x000000019f400000)
  eden space 56832K, 0% used [0x0000000174980000,0x0000000174980000,0x0000000178100000)
  from space 8704K, 13% used [0x0000000178100000,0x0000000178230000,0x0000000178980000)
  to   space 8704K, 0% used [0x0000000179180000,0x0000000179180000,0x0000000179a00000)
 ParOldGen       total 108032K, used 9740K [0x000000011f400000, 0x0000000125d80000, 0x0000000174980000)
  object space 108032K, 9% used [0x000000011f400000,0x000000011fd83028,0x0000000125d80000)
 Metaspace       used 12833K, capacity 12993K, committed 13184K, reserved 1060864K
  class space    used 1312K, capacity 1375K, committed 1408K, reserved 1048576K
}

