# JRE version: Java(TM) SE Runtime Environment (8.0_60-b27) (build 1.8.0_60-b27)
# Java VM: Java HotSpot(TM) 64-Bit Server VM (25.60-b23 mixed mode bsd-amd64 compressed oops)
Heap:
 PSYoungGen      total 48128K, used 3409K [0x0000000795580000, 0x000000079a580000, 0x00000007c0000000)
  eden space 47616K, 6% used [0x0000000795580000,0x000000079585c6a0,0x0000000798400000)
  from space 512K, 93% used [0x000000079a500000,0x000000079a578000,0x000000079a580000)
  to   space 11776K, 0% used [0x0000000798e80000,0x0000000798e80000,0x0000000799a00000)
 ParOldGen       total 240640K, used 219320K [0x0000000740000000, 0x000000074eb00000, 0x0000000795580000)
  object space 240640K, 91% used [0x0000000740000000,0x000000074d62e218,0x000000074eb00000)
 Metaspace       used 12850K, capacity 12993K, committed 13184K, reserved 1060864K
  class space    used 1313K, capacity 1375K, committed 1408K, reserved 1048576K
GC Heap History (10 events):
Event: 9.680 GC heap before
{Heap before GC invocations=9 (full 1):
 PSYoungGen      total 42496K, used 42353K [0x0000000795580000, 0x000000079a200000, 0x00000007c0000000)
  eden space 33280K, 100% used [0x0000000795580000,0x0000000797600000,0x0000000797600000)
  from space 9216K, 98% used [0x0000000797600000,0x0000000797edc738,0x0000000797f00000)
  to   space 10752K, 0% used [0x0000000799780000,0x0000000799780000,0x000000079a200000)
 ParOldGen       total 240640K, used 213080K [0x0000000740000000, 0x000000074eb00000, 0x0000000795580000)
  object space 240640K, 88% used [0x0000000740000000,0x000000074d0161c8,0x000000074eb00000)
 Metaspace       used 12348K, capacity 12481K, committed 12672K, reserved 1060864K
  class space    used 1303K, capacity 1375K, committed 1408K, reserved 1048576K
Event: 9.686 GC heap after
Heap after GC invocations=9 (full 1):
 PSYoungGen      total 42496K, used 9552K [0x0000000795580000, 0x000000079a100000, 0x00000007c0000000)
  eden space 32768K, 0% used [0x0000000795580000,0x0000000795580000,0x0000000797580000)
  from space 9728K, 98% used [0x0000000799780000,0x000000079a0d4060,0x000000079a100000)
  to   space 11776K, 0% used [0x0000000798a00000,0x0000000798a00000,0x0000000799580000)
 ParOldGen       total 240640K, used 213088K [0x0000000740000000, 0x000000074eb00000, 0x0000000795580000)
  object space 240640K, 88% used [0x0000000740000000,0x000000074d0181c8,0x000000074eb00000)
 Metaspace       used 12348K, capacity 12481K, committed 12672K, reserved 1060864K
  class space    used 1303K, capacity 1375K, committed 1408K, reserved 1048576K
}
Event: 9.868 GC heap before
{Heap before GC invocations=10 (full 1):
 PSYoungGen      total 42496K, used 42320K [0x0000000795580000, 0x000000079a100000, 0x00000007c0000000)
  eden space 32768K, 100% used [0x0000000795580000,0x0000000797580000,0x0000000797580000)
  from space 9728K, 98% used [0x0000000799780000,0x000000079a0d4060,0x000000079a100000)
  to   space 11776K, 0% used [0x0000000798a00000,0x0000000798a00000,0x0000000799580000)
 ParOldGen       total 240640K, used 213088K [0x0000000740000000, 0x000000074eb00000, 0x0000000795580000)
  object space 240640K, 88% used [0x0000000740000000,0x000000074d0181c8,0x000000074eb00000)
 Metaspace       used 12498K, capacity 12673K, committed 12928K, reserved 1060864K
  class space    used 1310K, capacity 1375K, committed 1408K, reserved 1048576K
Event: 9.874 GC heap after
Heap after GC invocations=10 (full 1):
 PSYoungGen      total 55296K, used 5744K [0x0000000795580000, 0x0000000799b80000, 0x00000007c0000000)
  eden space 49152K, 0% used [0x0000000795580000,0x0000000795580000,0x0000000798580000)
  from space 6144K, 93% used [0x0000000798a00000,0x0000000798f9c010,0x0000000799000000)
  to   space 11264K, 0% used [0x0000000799080000,0x0000000799080000,0x0000000799b80000)
 ParOldGen       total 240640K, used 213176K [0x0000000740000000, 0x000000074eb00000, 0x0000000795580000)
  object space 240640K, 88% used [0x0000000740000000,0x000000074d02e1d8,0x000000074eb00000)
 Metaspace       used 12498K, capacity 12673K, committed 12928K, reserved 1060864K
  class space    used 1310K, capacity 1375K, committed 1408K, reserved 1048576K
}
Event: 27.235 GC heap before
{Heap before GC invocations=11 (full 1):
 PSYoungGen      total 55296K, used 54896K [0x0000000795580000, 0x0000000799b80000, 0x00000007c0000000)
  eden space 49152K, 100% used [0x0000000795580000,0x0000000798580000,0x0000000798580000)
  from space 6144K, 93% used [0x0000000798a00000,0x0000000798f9c010,0x0000000799000000)
  to   space 11264K, 0% used [0x0000000799080000,0x0000000799080000,0x0000000799b80000)
 ParOldGen       total 240640K, used 213176K [0x0000000740000000, 0x000000074eb00000, 0x0000000795580000)
  object space 240640K, 88% used [0x0000000740000000,0x000000074d02e1d8,0x000000074eb00000)
 Metaspace       used 12810K, capacity 12993K, committed 13184K, reserved 1060864K
  class space    used 1312K, capacity 1375K, committed 1408K, reserved 1048576K
Event: 27.241 GC heap after
Heap after GC invocations=11 (full 1):
 PSYoungGen      total 59904K, used 1280K [0x0000000795580000, 0x000000079b280000, 0x00000007c0000000)
  eden space 48640K, 0% used [0x0000000795580000,0x0000000795580000,0x0000000798500000)
  from space 11264K, 11% used [0x0000000799080000,0x00000007991c0000,0x0000000799b80000)
  to   space 11776K, 0% used [0x0000000798500000,0x0000000798500000,0x0000000799080000)
 ParOldGen       total 240640K, used 218352K [0x0000000740000000, 0x000000074eb00000, 0x0000000795580000)
  object space 240640K, 90% used [0x0000000740000000,0x000000074d53c1f8,0x000000074eb00000)
 Metaspace       used 12810K, capacity 12993K, committed 13184K, reserved 1060864K
  class space    used 1312K, capacity 1375K, committed 1408K, reserved 1048576K
}
Event: 29.803 GC heap before
{Heap before GC invocations=12 (full 1):
 PSYoungGen      total 59904K, used 49839K [0x0000000795580000, 0x000000079b280000, 0x00000007c0000000)
  eden space 48640K, 99% used [0x0000000795580000,0x00000007984ebd58,0x0000000798500000)
  from space 11264K, 11% used [0x0000000799080000,0x00000007991c0000,0x0000000799b80000)
  to   space 11776K, 0% used [0x0000000798500000,0x0000000798500000,0x0000000799080000)
 ParOldGen       total 240640K, used 218352K [0x0000000740000000, 0x000000074eb00000, 0x0000000795580000)
  object space 240640K, 90% used [0x0000000740000000,0x000000074d53c1f8,0x000000074eb00000)
 Metaspace       used 12822K, capacity 12993K, committed 13184K, reserved 1060864K
  class space    used 1312K, capacity 1375K, committed 1408K, reserved 1048576K
Event: 29.808 GC heap after
Heap after GC invocations=12 (full 1):
 PSYoungGen      total 60416K, used 224K [0x0000000795580000, 0x000000079b080000, 0x00000007c0000000)
  eden space 48640K, 0% used [0x0000000795580000,0x0000000795580000,0x0000000798500000)
  from space 11776K, 1% used [0x0000000798500000,0x0000000798538000,0x0000000799080000)
  to   space 11776K, 0% used [0x000000079a500000,0x000000079a500000,0x000000079b080000)
 ParOldGen       total 240640K, used 219288K [0x0000000740000000, 0x000000074eb00000, 0x0000000795580000)
  object space 240640K, 91% used [0x0000000740000000,0x000000074d626218,0x000000074eb00000)
 Metaspace       used 12822K, capacity 12993K, committed 13184K, reserved 1060864K
  class space    used 1312K, capacity 1375K, committed 1408K, reserved 1048576K
}
Event: 56.239 GC heap before
{Heap before GC invocations=13 (full 1):
 PSYoungGen      total 60416K, used 48864K [0x0000000795580000, 0x000000079b080000, 0x00000007c0000000)
  eden space 48640K, 100% used [0x0000000795580000,0x0000000798500000,0x0000000798500000)
  from space 11776K, 1% used [0x0000000798500000,0x0000000798538000,0x0000000799080000)
  to   space 11776K, 0% used [0x000000079a500000,0x000000079a500000,0x000000079b080000)
 ParOldGen       total 240640K, used 219288K [0x0000000740000000, 0x000000074eb00000, 0x0000000795580000)
  object space 240640K, 91% used [0x0000000740000000,0x000000074d626218,0x000000074eb00000)
 Metaspace       used 12845K, capacity 12993K, committed 13184K, reserved 1060864K
  class space    used 1312K, capacity 1375K, committed 1408K, reserved 1048576K
Event: 56.242 GC heap after
Heap after GC invocations=13 (full 1):
 PSYoungGen      total 48128K, used 480K [0x0000000795580000, 0x000000079a580000, 0x00000007c0000000)
  eden space 47616K, 0% used [0x0000000795580000,0x0000000795580000,0x0000000798400000)
  from space 512K, 93% used [0x000000079a500000,0x000000079a578000,0x000000079a580000)
  to   space 11776K, 0% used [0x0000000798e80000,0x0000000798e80000,0x0000000799a00000)
 ParOldGen       total 240640K, used 219320K [0x0000000740000000, 0x000000074eb00000, 0x0000000795580000)
  object space 240640K, 91% used [0x0000000740000000,0x000000074d62e218,0x000000074eb00000)
 Metaspace       used 12845K, capacity 12993K, committed 13184K, reserved 1060864K
  class space    used 1312K, capacity 1375K, committed 1408K, reserved 1048576K
}

