# JRE version: Java(TM) SE Runtime Environment (8.0_60-b27) (build 1.8.0_60-b27)
# Java VM: Java HotSpot(TM) 64-Bit Server VM (25.60-b23 mixed mode bsd-amd64 compressed oops)
Heap:
 PSYoungGen      total 60928K, used 15705K [0x0000000795580000, 0x0000000799d00000, 0x00000007c0000000)
  eden space 52736K, 14% used [0x0000000795580000,0x0000000795d2e598,0x0000000798900000)
  from space 8192K, 95% used [0x0000000798d00000,0x00000007994a8000,0x0000000799500000)
  to   space 8192K, 0% used [0x0000000799500000,0x0000000799500000,0x0000000799d00000)
 ParOldGen       total 119296K, used 17299K [0x0000000740000000, 0x0000000747480000, 0x0000000795580000)
  object space 119296K, 14% used [0x0000000740000000,0x00000007410e4fd8,0x0000000747480000)
 Metaspace       used 12798K, capacity 12929K, committed 13184K, reserved 1060864K
  class space    used 1313K, capacity 1375K, committed 1408K, reserved 1048576K
GC Heap History (10 events):
Event: 8.084 GC heap before
{Heap before GC invocations=8 (full 1):
 PSYoungGen      total 41984K, used 37559K [0x0000000795580000, 0x0000000799c80000, 0x00000007c0000000)
  eden space 33280K, 97% used [0x0000000795580000,0x0000000797551118,0x0000000797600000)
  from space 8704K, 57% used [0x0000000797e00000,0x00000007982dcb38,0x0000000798680000)
  to   space 8192K, 0% used [0x0000000797600000,0x0000000797600000,0x0000000797e00000)
 ParOldGen       total 176128K, used 149297K [0x0000000740000000, 0x000000074ac00000, 0x0000000795580000)
  object space 176128K, 84% used [0x0000000740000000,0x00000007491cc4d8,0x000000074ac00000)
 Metaspace       used 10958K, capacity 11137K, committed 11264K, reserved 1058816K
  class space    used 1153K, capacity 1247K, committed 1280K, reserved 1048576K
Event: 8.091 GC heap after
Heap after GC invocations=8 (full 1):
 PSYoungGen      total 41472K, used 897K [0x0000000795580000, 0x000000079a080000, 0x00000007c0000000)
  eden space 33280K, 0% used [0x0000000795580000,0x0000000795580000,0x0000000797600000)
  from space 8192K, 10% used [0x0000000797600000,0x00000007976e0738,0x0000000797e00000)
  to   space 8704K, 0% used [0x0000000799800000,0x0000000799800000,0x000000079a080000)
 ParOldGen       total 176128K, used 157489K [0x0000000740000000, 0x000000074ac00000, 0x0000000795580000)
  object space 176128K, 89% used [0x0000000740000000,0x00000007499cc4e8,0x000000074ac00000)
 Metaspace       used 10958K, capacity 11137K, committed 11264K, reserved 1058816K
  class space    used 1153K, capacity 1247K, committed 1280K, reserved 1048576K
}
Event: 8.091 GC heap before
{Heap before GC invocations=9 (full 2):
 PSYoungGen      total 41472K, used 897K [0x0000000795580000, 0x000000079a080000, 0x00000007c0000000)
  eden space 33280K, 0% used [0x0000000795580000,0x0000000795580000,0x0000000797600000)
  from space 8192K, 10% used [0x0000000797600000,0x00000007976e0738,0x0000000797e00000)
  to   space 8704K, 0% used [0x0000000799800000,0x0000000799800000,0x000000079a080000)
 ParOldGen       total 176128K, used 157489K [0x0000000740000000, 0x000000074ac00000, 0x0000000795580000)
  object space 176128K, 89% used [0x0000000740000000,0x00000007499cc4e8,0x000000074ac00000)
 Metaspace       used 10958K, capacity 11137K, committed 11264K, reserved 1058816K
  class space    used 1153K, capacity 1247K, committed 1280K, reserved 1048576K
Event: 8.110 GC heap after
Heap after GC invocations=9 (full 2):
 PSYoungGen      total 41472K, used 0K [0x0000000795580000, 0x000000079a080000, 0x00000007c0000000)
  eden space 33280K, 0% used [0x0000000795580000,0x0000000795580000,0x0000000797600000)
  from space 8192K, 0% used [0x0000000797600000,0x0000000797600000,0x0000000797e00000)
  to   space 8704K, 0% used [0x0000000799800000,0x0000000799800000,0x000000079a080000)
 ParOldGen       total 91648K, used 11571K [0x0000000740000000, 0x0000000745980000, 0x0000000795580000)
  object space 91648K, 12% used [0x0000000740000000,0x0000000740b4cca8,0x0000000745980000)
 Metaspace       used 10958K, capacity 11137K, committed 11264K, reserved 1058816K
  class space    used 1153K, capacity 1247K, committed 1280K, reserved 1048576K
}
Event: 9.346 GC heap before
{Heap before GC invocations=10 (full 3):
 PSYoungGen      total 41472K, used 33280K [0x0000000795580000, 0x000000079a080000, 0x00000007c0000000)
  eden space 33280K, 100% used [0x0000000795580000,0x0000000797600000,0x0000000797600000)
  from space 8192K, 0% used [0x0000000797600000,0x0000000797600000,0x0000000797e00000)
  to   space 8704K, 0% used [0x0000000799800000,0x0000000799800000,0x000000079a080000)
 ParOldGen       total 91648K, used 75033K [0x0000000740000000, 0x0000000745980000, 0x0000000795580000)
  object space 91648K, 81% used [0x0000000740000000,0x00000007449466c8,0x0000000745980000)
 Metaspace       used 12200K, capacity 12417K, committed 12672K, reserved 1060864K
  class space    used 1287K, capacity 1375K, committed 1408K, reserved 1048576K
Event: 9.393 GC heap after
Heap after GC invocations=10 (full 3):
 PSYoungGen      total 41472K, used 0K [0x0000000795580000, 0x000000079a080000, 0x00000007c0000000)
  eden space 33280K, 0% used [0x0000000795580000,0x0000000795580000,0x0000000797600000)
  from space 8192K, 0% used [0x0000000797600000,0x0000000797600000,0x0000000797e00000)
  to   space 8704K, 0% used [0x0000000799800000,0x0000000799800000,0x000000079a080000)
 ParOldGen       total 119296K, used 17283K [0x0000000740000000, 0x0000000747480000, 0x0000000795580000)
  object space 119296K, 14% used [0x0000000740000000,0x00000007410e0fd8,0x0000000747480000)
 Metaspace       used 12200K, capacity 12417K, committed 12672K, reserved 1060864K
  class space    used 1287K, capacity 1375K, committed 1408K, reserved 1048576K
}
Event: 10.353 GC heap before
{Heap before GC invocations=11 (full 3):
 PSYoungGen      total 41472K, used 32887K [0x0000000795580000, 0x000000079a080000, 0x00000007c0000000)
  eden space 33280K, 98% used [0x0000000795580000,0x000000079759dcd8,0x0000000797600000)
  from space 8192K, 0% used [0x0000000797600000,0x0000000797600000,0x0000000797e00000)
  to   space 8704K, 0% used [0x0000000799800000,0x0000000799800000,0x000000079a080000)
 ParOldGen       total 119296K, used 17283K [0x0000000740000000, 0x0000000747480000, 0x0000000795580000)
  object space 119296K, 14% used [0x0000000740000000,0x00000007410e0fd8,0x0000000747480000)
 Metaspace       used 12376K, capacity 12545K, committed 12672K, reserved 1060864K
  class space    used 1305K, capacity 1375K, committed 1408K, reserved 1048576K
Event: 10.359 GC heap after
Heap after GC invocations=11 (full 3):
 PSYoungGen      total 52224K, used 6880K [0x0000000795580000, 0x0000000799f00000, 0x00000007c0000000)
  eden space 45056K, 0% used [0x0000000795580000,0x0000000795580000,0x0000000798180000)
  from space 7168K, 95% used [0x0000000799800000,0x0000000799eb8000,0x0000000799f00000)
  to   space 9216K, 0% used [0x0000000798d00000,0x0000000798d00000,0x0000000799600000)
 ParOldGen       total 119296K, used 17291K [0x0000000740000000, 0x0000000747480000, 0x0000000795580000)
  object space 119296K, 14% used [0x0000000740000000,0x00000007410e2fd8,0x0000000747480000)
 Metaspace       used 12376K, capacity 12545K, committed 12672K, reserved 1060864K
  class space    used 1305K, capacity 1375K, committed 1408K, reserved 1048576K
}
Event: 62.648 GC heap before
{Heap before GC invocations=12 (full 3):
 PSYoungGen      total 52224K, used 51936K [0x0000000795580000, 0x0000000799f00000, 0x00000007c0000000)
  eden space 45056K, 100% used [0x0000000795580000,0x0000000798180000,0x0000000798180000)
  from space 7168K, 95% used [0x0000000799800000,0x0000000799eb8000,0x0000000799f00000)
  to   space 9216K, 0% used [0x0000000798d00000,0x0000000798d00000,0x0000000799600000)
 ParOldGen       total 119296K, used 17291K [0x0000000740000000, 0x0000000747480000, 0x0000000795580000)
  object space 119296K, 14% used [0x0000000740000000,0x00000007410e2fd8,0x0000000747480000)
 Metaspace       used 12784K, capacity 12929K, committed 13184K, reserved 1060864K
  class space    used 1312K, capacity 1375K, committed 1408K, reserved 1048576K
Event: 62.659 GC heap after
Heap after GC invocations=12 (full 3):
 PSYoungGen      total 60928K, used 7840K [0x0000000795580000, 0x0000000799d00000, 0x00000007c0000000)
  eden space 52736K, 0% used [0x0000000795580000,0x0000000795580000,0x0000000798900000)
  from space 8192K, 95% used [0x0000000798d00000,0x00000007994a8000,0x0000000799500000)
  to   space 8192K, 0% used [0x0000000799500000,0x0000000799500000,0x0000000799d00000)
 ParOldGen       total 119296K, used 17299K [0x0000000740000000, 0x0000000747480000, 0x0000000795580000)
  object space 119296K, 14% used [0x0000000740000000,0x00000007410e4fd8,0x0000000747480000)
 Metaspace       used 12784K, capacity 12929K, committed 13184K, reserved 1060864K
  class space    used 1312K, capacity 1375K, committed 1408K, reserved 1048576K
}

