# JRE version: Java(TM) SE Runtime Environment (8.0_60-b27) (build 1.8.0_60-b27)
# Java VM: Java HotSpot(TM) 64-Bit Server VM (25.60-b23 mixed mode bsd-amd64 compressed oops)
Heap:
 PSYoungGen      total 38400K, used 22724K [0x0000000168b80000, 0x000000016cd00000, 0x0000000193600000)
  eden space 33280K, 55% used [0x0000000168b80000,0x0000000169d810b8,0x000000016ac00000)
  from space 5120K, 83% used [0x000000016b100000,0x000000016b530010,0x000000016b600000)
  to   space 5120K, 0% used [0x000000016ac00000,0x000000016ac00000,0x000000016b100000)
 ParOldGen       total 61952K, used 27296K [0x0000000113600000, 0x0000000117280000, 0x0000000168b80000)
  object space 61952K, 44% used [0x0000000113600000,0x00000001150a83b0,0x0000000117280000)
 Metaspace       used 12044K, capacity 12257K, committed 12416K, reserved 1060864K
  class space    used 1262K, capacity 1343K, committed 1408K, reserved 1048576K
GC Heap History (10 events):
Event: 5.912 GC heap before
{Heap before GC invocations=1 (full 0):
 PSYoungGen      total 38400K, used 33280K [0x0000000168b80000, 0x000000016b600000, 0x0000000193600000)
  eden space 33280K, 100% used [0x0000000168b80000,0x000000016ac00000,0x000000016ac00000)
  from space 5120K, 0% used [0x000000016b100000,0x000000016b100000,0x000000016b600000)
  to   space 5120K, 0% used [0x000000016ac00000,0x000000016ac00000,0x000000016b100000)
 ParOldGen       total 87552K, used 0K [0x0000000113600000, 0x0000000118b80000, 0x0000000168b80000)
  object space 87552K, 0% used [0x0000000113600000,0x0000000113600000,0x0000000118b80000)
 Metaspace       used 9093K, capacity 9237K, committed 9472K, reserved 1058816K
  class space    used 958K, capacity 1021K, committed 1024K, reserved 1048576K
Event: 5.940 GC heap after
Heap after GC invocations=1 (full 0):
 PSYoungGen      total 38400K, used 5096K [0x0000000168b80000, 0x000000016b600000, 0x0000000193600000)
  eden space 33280K, 0% used [0x0000000168b80000,0x0000000168b80000,0x000000016ac00000)
  from space 5120K, 99% used [0x000000016ac00000,0x000000016b0fa178,0x000000016b100000)
  to   space 5120K, 0% used [0x000000016b100000,0x000000016b100000,0x000000016b600000)
 ParOldGen       total 87552K, used 890K [0x0000000113600000, 0x0000000118b80000, 0x0000000168b80000)
  object space 87552K, 1% used [0x0000000113600000,0x00000001136debf0,0x0000000118b80000)
 Metaspace       used 9093K, capacity 9237K, committed 9472K, reserved 1058816K
  class space    used 958K, capacity 1021K, committed 1024K, reserved 1048576K
}
Event: 7.424 GC heap before
{Heap before GC invocations=2 (full 0):
 PSYoungGen      total 38400K, used 38376K [0x0000000168b80000, 0x000000016b600000, 0x0000000193600000)
  eden space 33280K, 100% used [0x0000000168b80000,0x000000016ac00000,0x000000016ac00000)
  from space 5120K, 99% used [0x000000016ac00000,0x000000016b0fa178,0x000000016b100000)
  to   space 5120K, 0% used [0x000000016b100000,0x000000016b100000,0x000000016b600000)
 ParOldGen       total 87552K, used 890K [0x0000000113600000, 0x0000000118b80000, 0x0000000168b80000)
  object space 87552K, 1% used [0x0000000113600000,0x00000001136debf0,0x0000000118b80000)
 Metaspace       used 9830K, capacity 10017K, committed 10368K, reserved 1058816K
  class space    used 1030K, capacity 1087K, committed 1152K, reserved 1048576K
Event: 7.447 GC heap after
Heap after GC invocations=2 (full 0):
 PSYoungGen      total 38400K, used 5096K [0x0000000168b80000, 0x000000016b600000, 0x0000000193600000)
  eden space 33280K, 0% used [0x0000000168b80000,0x0000000168b80000,0x000000016ac00000)
  from space 5120K, 99% used [0x000000016b100000,0x000000016b5fa198,0x000000016b600000)
  to   space 5120K, 0% used [0x000000016ac00000,0x000000016ac00000,0x000000016b100000)
 ParOldGen       total 87552K, used 7243K [0x0000000113600000, 0x0000000118b80000, 0x0000000168b80000)
  object space 87552K, 8% used [0x0000000113600000,0x0000000113d12c60,0x0000000118b80000)
 Metaspace       used 9830K, capacity 10017K, committed 10368K, reserved 1058816K
  class space    used 1030K, capacity 1087K, committed 1152K, reserved 1048576K
}
Event: 8.708 GC heap before
{Heap before GC invocations=3 (full 0):
 PSYoungGen      total 38400K, used 36991K [0x0000000168b80000, 0x000000016b600000, 0x0000000193600000)
  eden space 33280K, 95% used [0x0000000168b80000,0x000000016aaa5d90,0x000000016ac00000)
  from space 5120K, 99% used [0x000000016b100000,0x000000016b5fa198,0x000000016b600000)
  to   space 5120K, 0% used [0x000000016ac00000,0x000000016ac00000,0x000000016b100000)
 ParOldGen       total 87552K, used 7243K [0x0000000113600000, 0x0000000118b80000, 0x0000000168b80000)
  object space 87552K, 8% used [0x0000000113600000,0x0000000113d12c60,0x0000000118b80000)
 Metaspace       used 10194K, capacity 10369K, committed 10624K, reserved 1058816K
  class space    used 1065K, capacity 1119K, committed 1152K, reserved 1048576K
Event: 8.721 GC heap after
Heap after GC invocations=3 (full 0):
 PSYoungGen      total 38400K, used 4022K [0x0000000168b80000, 0x000000016b600000, 0x0000000193600000)
  eden space 33280K, 0% used [0x0000000168b80000,0x0000000168b80000,0x000000016ac00000)
  from space 5120K, 78% used [0x000000016ac00000,0x000000016afed850,0x000000016b100000)
  to   space 5120K, 0% used [0x000000016b100000,0x000000016b100000,0x000000016b600000)
 ParOldGen       total 87552K, used 15443K [0x0000000113600000, 0x0000000118b80000, 0x0000000168b80000)
  object space 87552K, 17% used [0x0000000113600000,0x0000000114514c70,0x0000000118b80000)
 Metaspace       used 10194K, capacity 10369K, committed 10624K, reserved 1058816K
  class space    used 1065K, capacity 1119K, committed 1152K, reserved 1048576K
}
Event: 10.945 GC heap before
{Heap before GC invocations=4 (full 1):
 PSYoungGen      total 38400K, used 32580K [0x0000000168b80000, 0x000000016b600000, 0x0000000193600000)
  eden space 33280K, 85% used [0x0000000168b80000,0x000000016a763848,0x000000016ac00000)
  from space 5120K, 78% used [0x000000016ac00000,0x000000016afed850,0x000000016b100000)
  to   space 5120K, 0% used [0x000000016b100000,0x000000016b100000,0x000000016b600000)
 ParOldGen       total 153600K, used 152393K [0x0000000113600000, 0x000000011cc00000, 0x0000000168b80000)
  object space 153600K, 99% used [0x0000000113600000,0x000000011cad24a0,0x000000011cc00000)
 Metaspace       used 11886K, capacity 12097K, committed 12416K, reserved 1060864K
  class space    used 1257K, capacity 1311K, committed 1408K, reserved 1048576K
Event: 10.991 GC heap after
Heap after GC invocations=4 (full 1):
 PSYoungGen      total 38400K, used 0K [0x0000000168b80000, 0x000000016b600000, 0x0000000193600000)
  eden space 33280K, 0% used [0x0000000168b80000,0x0000000168b80000,0x000000016ac00000)
  from space 5120K, 0% used [0x000000016ac00000,0x000000016ac00000,0x000000016b100000)
  to   space 5120K, 0% used [0x000000016b100000,0x000000016b100000,0x000000016b600000)
 ParOldGen       total 61952K, used 8864K [0x0000000113600000, 0x0000000117280000, 0x0000000168b80000)
  object space 61952K, 14% used [0x0000000113600000,0x0000000113ea8380,0x0000000117280000)
 Metaspace       used 11886K, capacity 12097K, committed 12416K, reserved 1060864K
  class space    used 1257K, capacity 1311K, committed 1408K, reserved 1048576K
}
Event: 11.150 GC heap before
{Heap before GC invocations=5 (full 1):
 PSYoungGen      total 38400K, used 33280K [0x0000000168b80000, 0x000000016b600000, 0x0000000193600000)
  eden space 33280K, 100% used [0x0000000168b80000,0x000000016ac00000,0x000000016ac00000)
  from space 5120K, 0% used [0x000000016ac00000,0x000000016ac00000,0x000000016b100000)
  to   space 5120K, 0% used [0x000000016b100000,0x000000016b100000,0x000000016b600000)
 ParOldGen       total 61952K, used 8864K [0x0000000113600000, 0x0000000117280000, 0x0000000168b80000)
  object space 61952K, 14% used [0x0000000113600000,0x0000000113ea8380,0x0000000117280000)
 Metaspace       used 11886K, capacity 12097K, committed 12416K, reserved 1060864K
  class space    used 1257K, capacity 1311K, committed 1408K, reserved 1048576K
Event: 11.155 GC heap after
Heap after GC invocations=5 (full 1):
 PSYoungGen      total 38400K, used 4288K [0x0000000168b80000, 0x000000016cd00000, 0x0000000193600000)
  eden space 33280K, 0% used [0x0000000168b80000,0x0000000168b80000,0x000000016ac00000)
  from space 5120K, 83% used [0x000000016b100000,0x000000016b530010,0x000000016b600000)
  to   space 5120K, 0% used [0x000000016ac00000,0x000000016ac00000,0x000000016b100000)
 ParOldGen       total 61952K, used 27296K [0x0000000113600000, 0x0000000117280000, 0x0000000168b80000)
  object space 61952K, 44% used [0x0000000113600000,0x00000001150a83b0,0x0000000117280000)
 Metaspace       used 11886K, capacity 12097K, committed 12416K, reserved 1060864K
  class space    used 1257K, capacity 1311K, committed 1408K, reserved 1048576K
}

