# JRE version: Java(TM) SE Runtime Environment (8.0_60-b27) (build 1.8.0_60-b27)
# Java VM: Java HotSpot(TM) 64-Bit Server VM (25.60-b23 mixed mode bsd-amd64 compressed oops)
Heap:
 PSYoungGen      total 40960K, used 5174K [0x0000000167780000, 0x000000016a900000, 0x0000000192200000)
  eden space 32256K, 16% used [0x0000000167780000,0x0000000167c8d8e0,0x0000000169700000)
  from space 8704K, 0% used [0x000000016a080000,0x000000016a080000,0x000000016a900000)
  to   space 9216K, 0% used [0x0000000169700000,0x0000000169700000,0x000000016a000000)
 ParOldGen       total 69632K, used 8796K [0x0000000112200000, 0x0000000116600000, 0x0000000167780000)
  object space 69632K, 12% used [0x0000000112200000,0x0000000112a971c0,0x0000000116600000)
 Metaspace       used 12682K, capacity 12865K, committed 13184K, reserved 1060864K
  class space    used 1312K, capacity 1375K, committed 1408K, reserved 1048576K
GC Heap History (10 events):
Event: 6.622 GC heap before
{Heap before GC invocations=4 (full 0):
 PSYoungGen      total 38400K, used 38206K [0x0000000167780000, 0x000000016a200000, 0x0000000192200000)
  eden space 33280K, 99% used [0x0000000167780000,0x00000001697e0148,0x0000000169800000)
  from space 5120K, 98% used [0x0000000169800000,0x0000000169cef6f8,0x0000000169d00000)
  to   space 5120K, 0% used [0x0000000169d00000,0x0000000169d00000,0x000000016a200000)
 ParOldGen       total 153600K, used 140177K [0x0000000112200000, 0x000000011b800000, 0x0000000167780000)
  object space 153600K, 91% used [0x0000000112200000,0x000000011aae45d8,0x000000011b800000)
 Metaspace       used 10665K, capacity 10817K, committed 11008K, reserved 1058816K
  class space    used 1125K, capacity 1183K, committed 1280K, reserved 1048576K
Event: 6.626 GC heap after
Heap after GC invocations=4 (full 0):
 PSYoungGen      total 38400K, used 3104K [0x0000000167780000, 0x000000016a200000, 0x0000000192200000)
  eden space 33280K, 0% used [0x0000000167780000,0x0000000167780000,0x0000000169800000)
  from space 5120K, 60% used [0x0000000169d00000,0x000000016a008010,0x000000016a200000)
  to   space 5120K, 0% used [0x0000000169800000,0x0000000169800000,0x0000000169d00000)
 ParOldGen       total 153600K, used 140185K [0x0000000112200000, 0x000000011b800000, 0x0000000167780000)
  object space 153600K, 91% used [0x0000000112200000,0x000000011aae65d8,0x000000011b800000)
 Metaspace       used 10665K, capacity 10817K, committed 11008K, reserved 1058816K
  class space    used 1125K, capacity 1183K, committed 1280K, reserved 1048576K
}
Event: 7.387 GC heap before
{Heap before GC invocations=5 (full 0):
 PSYoungGen      total 38400K, used 36384K [0x0000000167780000, 0x000000016a200000, 0x0000000192200000)
  eden space 33280K, 100% used [0x0000000167780000,0x0000000169800000,0x0000000169800000)
  from space 5120K, 60% used [0x0000000169d00000,0x000000016a008010,0x000000016a200000)
  to   space 5120K, 0% used [0x0000000169800000,0x0000000169800000,0x0000000169d00000)
 ParOldGen       total 153600K, used 140185K [0x0000000112200000, 0x000000011b800000, 0x0000000167780000)
  object space 153600K, 91% used [0x0000000112200000,0x000000011aae65d8,0x000000011b800000)
 Metaspace       used 12319K, capacity 12481K, committed 12672K, reserved 1060864K
  class space    used 1301K, capacity 1375K, committed 1408K, reserved 1048576K
Event: 7.394 GC heap after
Heap after GC invocations=5 (full 0):
 PSYoungGen      total 37888K, used 5088K [0x0000000167780000, 0x000000016a980000, 0x0000000192200000)
  eden space 32768K, 0% used [0x0000000167780000,0x0000000167780000,0x0000000169780000)
  from space 5120K, 99% used [0x0000000169800000,0x0000000169cf8030,0x0000000169d00000)
  to   space 9216K, 0% used [0x000000016a080000,0x000000016a080000,0x000000016a980000)
 ParOldGen       total 153600K, used 142494K [0x0000000112200000, 0x000000011b800000, 0x0000000167780000)
  object space 153600K, 92% used [0x0000000112200000,0x000000011ad27968,0x000000011b800000)
 Metaspace       used 12319K, capacity 12481K, committed 12672K, reserved 1060864K
  class space    used 1301K, capacity 1375K, committed 1408K, reserved 1048576K
}
Event: 7.394 GC heap before
{Heap before GC invocations=6 (full 1):
 PSYoungGen      total 37888K, used 5088K [0x0000000167780000, 0x000000016a980000, 0x0000000192200000)
  eden space 32768K, 0% used [0x0000000167780000,0x0000000167780000,0x0000000169780000)
  from space 5120K, 99% used [0x0000000169800000,0x0000000169cf8030,0x0000000169d00000)
  to   space 9216K, 0% used [0x000000016a080000,0x000000016a080000,0x000000016a980000)
 ParOldGen       total 153600K, used 142494K [0x0000000112200000, 0x000000011b800000, 0x0000000167780000)
  object space 153600K, 92% used [0x0000000112200000,0x000000011ad27968,0x000000011b800000)
 Metaspace       used 12319K, capacity 12481K, committed 12672K, reserved 1060864K
  class space    used 1301K, capacity 1375K, committed 1408K, reserved 1048576K
Event: 7.432 GC heap after
Heap after GC invocations=6 (full 1):
 PSYoungGen      total 37888K, used 0K [0x0000000167780000, 0x000000016a980000, 0x0000000192200000)
  eden space 32768K, 0% used [0x0000000167780000,0x0000000167780000,0x0000000169780000)
  from space 5120K, 0% used [0x0000000169800000,0x0000000169800000,0x0000000169d00000)
  to   space 9216K, 0% used [0x000000016a080000,0x000000016a080000,0x000000016a980000)
 ParOldGen       total 68608K, used 7984K [0x0000000112200000, 0x0000000116500000, 0x0000000167780000)
  object space 68608K, 11% used [0x0000000112200000,0x00000001129cc1f0,0x0000000116500000)
 Metaspace       used 12319K, capacity 12481K, committed 12672K, reserved 1060864K
  class space    used 1301K, capacity 1375K, committed 1408K, reserved 1048576K
}
Event: 8.149 GC heap before
{Heap before GC invocations=7 (full 1):
 PSYoungGen      total 37888K, used 32768K [0x0000000167780000, 0x000000016a980000, 0x0000000192200000)
  eden space 32768K, 100% used [0x0000000167780000,0x0000000169780000,0x0000000169780000)
  from space 5120K, 0% used [0x0000000169800000,0x0000000169800000,0x0000000169d00000)
  to   space 9216K, 0% used [0x000000016a080000,0x000000016a080000,0x000000016a980000)
 ParOldGen       total 68608K, used 7984K [0x0000000112200000, 0x0000000116500000, 0x0000000167780000)
  object space 68608K, 11% used [0x0000000112200000,0x00000001129cc1f0,0x0000000116500000)
 Metaspace       used 12441K, capacity 12609K, committed 12928K, reserved 1060864K
  class space    used 1309K, capacity 1375K, committed 1408K, reserved 1048576K
Event: 8.152 GC heap after
Heap after GC invocations=7 (full 1):
 PSYoungGen      total 40960K, used 4614K [0x0000000167780000, 0x000000016a900000, 0x0000000192200000)
  eden space 32256K, 0% used [0x0000000167780000,0x0000000167780000,0x0000000169700000)
  from space 8704K, 53% used [0x000000016a080000,0x000000016a501980,0x000000016a900000)
  to   space 9216K, 0% used [0x0000000169700000,0x0000000169700000,0x000000016a000000)
 ParOldGen       total 68608K, used 7992K [0x0000000112200000, 0x0000000116500000, 0x0000000167780000)
  object space 68608K, 11% used [0x0000000112200000,0x00000001129ce1f0,0x0000000116500000)
 Metaspace       used 12441K, capacity 12609K, committed 12928K, reserved 1060864K
  class space    used 1309K, capacity 1375K, committed 1408K, reserved 1048576K
}
Event: 27.307 GC heap before
{Heap before GC invocations=8 (full 2):
 PSYoungGen      total 40960K, used 36870K [0x0000000167780000, 0x000000016a900000, 0x0000000192200000)
  eden space 32256K, 100% used [0x0000000167780000,0x0000000169700000,0x0000000169700000)
  from space 8704K, 53% used [0x000000016a080000,0x000000016a501980,0x000000016a900000)
  to   space 9216K, 0% used [0x0000000169700000,0x0000000169700000,0x000000016a000000)
 ParOldGen       total 174592K, used 162312K [0x0000000112200000, 0x000000011cc80000, 0x0000000167780000)
  object space 174592K, 92% used [0x0000000112200000,0x000000011c0821a0,0x000000011cc80000)
 Metaspace       used 12649K, capacity 12801K, committed 12928K, reserved 1060864K
  class space    used 1310K, capacity 1375K, committed 1408K, reserved 1048576K
Event: 27.331 GC heap after
Heap after GC invocations=8 (full 2):
 PSYoungGen      total 40960K, used 0K [0x0000000167780000, 0x000000016a900000, 0x0000000192200000)
  eden space 32256K, 0% used [0x0000000167780000,0x0000000167780000,0x0000000169700000)
  from space 8704K, 0% used [0x000000016a080000,0x000000016a080000,0x000000016a900000)
  to   space 9216K, 0% used [0x0000000169700000,0x0000000169700000,0x000000016a000000)
 ParOldGen       total 69632K, used 8796K [0x0000000112200000, 0x0000000116600000, 0x0000000167780000)
  object space 69632K, 12% used [0x0000000112200000,0x0000000112a971c0,0x0000000116600000)
 Metaspace       used 12649K, capacity 12801K, committed 12928K, reserved 1060864K
  class space    used 1310K, capacity 1375K, committed 1408K, reserved 1048576K
}

