# JRE version: Java(TM) SE Runtime Environment (8.0_60-b27) (build 1.8.0_60-b27)
# Java VM: Java HotSpot(TM) 64-Bit Server VM (25.60-b23 mixed mode bsd-amd64 compressed oops)
Heap:
 PSYoungGen      total 36864K, used 11374K [0x0000000795580000, 0x0000000797f00000, 0x00000007c0000000)
  eden space 32256K, 34% used [0x0000000795580000,0x0000000796083948,0x0000000797500000)
  from space 4608K, 2% used [0x0000000797a80000,0x0000000797a98000,0x0000000797f00000)
  to   space 5120K, 0% used [0x0000000797500000,0x0000000797500000,0x0000000797a00000)
 ParOldGen       total 85504K, used 10686K [0x0000000740000000, 0x0000000745380000, 0x0000000795580000)
  object space 85504K, 12% used [0x0000000740000000,0x0000000740a6fa18,0x0000000745380000)
 Metaspace       used 12896K, capacity 13057K, committed 13184K, reserved 1060864K
  class space    used 1321K, capacity 1375K, committed 1408K, reserved 1048576K
GC Heap History (10 events):
Event: 100.511 GC heap before
{Heap before GC invocations=21 (full 3):
 PSYoungGen      total 36352K, used 35872K [0x0000000795580000, 0x0000000798380000, 0x00000007c0000000)
  eden space 34816K, 100% used [0x0000000795580000,0x0000000797780000,0x0000000797780000)
  from space 1536K, 68% used [0x0000000797800000,0x0000000797908000,0x0000000797980000)
  to   space 6144K, 0% used [0x0000000797d80000,0x0000000797d80000,0x0000000798380000)
 ParOldGen       total 85504K, used 9742K [0x0000000740000000, 0x0000000745380000, 0x0000000795580000)
  object space 85504K, 11% used [0x0000000740000000,0x00000007409839f8,0x0000000745380000)
 Metaspace       used 12876K, capacity 13057K, committed 13184K, reserved 1060864K
  class space    used 1318K, capacity 1375K, committed 1408K, reserved 1048576K
Event: 100.514 GC heap after
Heap after GC invocations=21 (full 3):
 PSYoungGen      total 38912K, used 1088K [0x0000000795580000, 0x0000000798200000, 0x00000007c0000000)
  eden space 34304K, 0% used [0x0000000795580000,0x0000000795580000,0x0000000797700000)
  from space 4608K, 23% used [0x0000000797d80000,0x0000000797e90000,0x0000000798200000)
  to   space 5632K, 0% used [0x0000000797700000,0x0000000797700000,0x0000000797c80000)
 ParOldGen       total 85504K, used 9742K [0x0000000740000000, 0x0000000745380000, 0x0000000795580000)
  object space 85504K, 11% used [0x0000000740000000,0x00000007409839f8,0x0000000745380000)
 Metaspace       used 12876K, capacity 13057K, committed 13184K, reserved 1060864K
  class space    used 1318K, capacity 1375K, committed 1408K, reserved 1048576K
}
Event: 109.199 GC heap before
{Heap before GC invocations=22 (full 3):
 PSYoungGen      total 38912K, used 35392K [0x0000000795580000, 0x0000000798200000, 0x00000007c0000000)
  eden space 34304K, 100% used [0x0000000795580000,0x0000000797700000,0x0000000797700000)
  from space 4608K, 23% used [0x0000000797d80000,0x0000000797e90000,0x0000000798200000)
  to   space 5632K, 0% used [0x0000000797700000,0x0000000797700000,0x0000000797c80000)
 ParOldGen       total 85504K, used 9742K [0x0000000740000000, 0x0000000745380000, 0x0000000795580000)
  object space 85504K, 11% used [0x0000000740000000,0x00000007409839f8,0x0000000745380000)
 Metaspace       used 12876K, capacity 13057K, committed 13184K, reserved 1060864K
  class space    used 1318K, capacity 1375K, committed 1408K, reserved 1048576K
Event: 109.202 GC heap after
Heap after GC invocations=22 (full 3):
 PSYoungGen      total 34816K, used 992K [0x0000000795580000, 0x0000000798180000, 0x00000007c0000000)
  eden space 33792K, 0% used [0x0000000795580000,0x0000000795580000,0x0000000797680000)
  from space 1024K, 96% used [0x0000000797700000,0x00000007977f8000,0x0000000797800000)
  to   space 5632K, 0% used [0x0000000797c00000,0x0000000797c00000,0x0000000798180000)
 ParOldGen       total 85504K, used 9742K [0x0000000740000000, 0x0000000745380000, 0x0000000795580000)
  object space 85504K, 11% used [0x0000000740000000,0x00000007409839f8,0x0000000745380000)
 Metaspace       used 12876K, capacity 13057K, committed 13184K, reserved 1060864K
  class space    used 1318K, capacity 1375K, committed 1408K, reserved 1048576K
}
Event: 121.380 GC heap before
{Heap before GC invocations=23 (full 3):
 PSYoungGen      total 34816K, used 34784K [0x0000000795580000, 0x0000000798180000, 0x00000007c0000000)
  eden space 33792K, 100% used [0x0000000795580000,0x0000000797680000,0x0000000797680000)
  from space 1024K, 96% used [0x0000000797700000,0x00000007977f8000,0x0000000797800000)
  to   space 5632K, 0% used [0x0000000797c00000,0x0000000797c00000,0x0000000798180000)
 ParOldGen       total 85504K, used 9742K [0x0000000740000000, 0x0000000745380000, 0x0000000795580000)
  object space 85504K, 11% used [0x0000000740000000,0x00000007409839f8,0x0000000745380000)
 Metaspace       used 12876K, capacity 13057K, committed 13184K, reserved 1060864K
  class space    used 1318K, capacity 1375K, committed 1408K, reserved 1048576K
Event: 121.384 GC heap after
Heap after GC invocations=23 (full 3):
 PSYoungGen      total 37376K, used 1056K [0x0000000795580000, 0x0000000798000000, 0x00000007c0000000)
  eden space 33280K, 0% used [0x0000000795580000,0x0000000795580000,0x0000000797600000)
  from space 4096K, 25% used [0x0000000797c00000,0x0000000797d08000,0x0000000798000000)
  to   space 5120K, 0% used [0x0000000797600000,0x0000000797600000,0x0000000797b00000)
 ParOldGen       total 85504K, used 9750K [0x0000000740000000, 0x0000000745380000, 0x0000000795580000)
  object space 85504K, 11% used [0x0000000740000000,0x00000007409859f8,0x0000000745380000)
 Metaspace       used 12876K, capacity 13057K, committed 13184K, reserved 1060864K
  class space    used 1318K, capacity 1375K, committed 1408K, reserved 1048576K
}
Event: 145.704 GC heap before
{Heap before GC invocations=24 (full 3):
 PSYoungGen      total 37376K, used 34336K [0x0000000795580000, 0x0000000798000000, 0x00000007c0000000)
  eden space 33280K, 100% used [0x0000000795580000,0x0000000797600000,0x0000000797600000)
  from space 4096K, 25% used [0x0000000797c00000,0x0000000797d08000,0x0000000798000000)
  to   space 5120K, 0% used [0x0000000797600000,0x0000000797600000,0x0000000797b00000)
 ParOldGen       total 85504K, used 9750K [0x0000000740000000, 0x0000000745380000, 0x0000000795580000)
  object space 85504K, 11% used [0x0000000740000000,0x00000007409859f8,0x0000000745380000)
 Metaspace       used 12889K, capacity 13057K, committed 13184K, reserved 1060864K
  class space    used 1321K, capacity 1375K, committed 1408K, reserved 1048576K
Event: 145.707 GC heap after
Heap after GC invocations=24 (full 3):
 PSYoungGen      total 33792K, used 640K [0x0000000795580000, 0x0000000797f80000, 0x00000007c0000000)
  eden space 32768K, 0% used [0x0000000795580000,0x0000000795580000,0x0000000797580000)
  from space 1024K, 62% used [0x0000000797600000,0x00000007976a0000,0x0000000797700000)
  to   space 5120K, 0% used [0x0000000797a80000,0x0000000797a80000,0x0000000797f80000)
 ParOldGen       total 85504K, used 10174K [0x0000000740000000, 0x0000000745380000, 0x0000000795580000)
  object space 85504K, 11% used [0x0000000740000000,0x00000007409efa18,0x0000000745380000)
 Metaspace       used 12889K, capacity 13057K, committed 13184K, reserved 1060864K
  class space    used 1321K, capacity 1375K, committed 1408K, reserved 1048576K
}
Event: 166.406 GC heap before
{Heap before GC invocations=25 (full 3):
 PSYoungGen      total 33792K, used 33408K [0x0000000795580000, 0x0000000797f80000, 0x00000007c0000000)
  eden space 32768K, 100% used [0x0000000795580000,0x0000000797580000,0x0000000797580000)
  from space 1024K, 62% used [0x0000000797600000,0x00000007976a0000,0x0000000797700000)
  to   space 5120K, 0% used [0x0000000797a80000,0x0000000797a80000,0x0000000797f80000)
 ParOldGen       total 85504K, used 10174K [0x0000000740000000, 0x0000000745380000, 0x0000000795580000)
  object space 85504K, 11% used [0x0000000740000000,0x00000007409efa18,0x0000000745380000)
 Metaspace       used 12889K, capacity 13057K, committed 13184K, reserved 1060864K
  class space    used 1321K, capacity 1375K, committed 1408K, reserved 1048576K
Event: 166.408 GC heap after
Heap after GC invocations=25 (full 3):
 PSYoungGen      total 36864K, used 96K [0x0000000795580000, 0x0000000797f00000, 0x00000007c0000000)
  eden space 32256K, 0% used [0x0000000795580000,0x0000000795580000,0x0000000797500000)
  from space 4608K, 2% used [0x0000000797a80000,0x0000000797a98000,0x0000000797f00000)
  to   space 5120K, 0% used [0x0000000797500000,0x0000000797500000,0x0000000797a00000)
 ParOldGen       total 85504K, used 10686K [0x0000000740000000, 0x0000000745380000, 0x0000000795580000)
  object space 85504K, 12% used [0x0000000740000000,0x0000000740a6fa18,0x0000000745380000)
 Metaspace       used 12889K, capacity 13057K, committed 13184K, reserved 1060864K
  class space    used 1321K, capacity 1375K, committed 1408K, reserved 1048576K
}

