# JRE version: Java(TM) SE Runtime Environment (8.0_60-b27) (build 1.8.0_60-b27)
# Java VM: Java HotSpot(TM) 64-Bit Server VM (25.60-b23 mixed mode bsd-amd64 compressed oops)
Heap:
 PSYoungGen      total 133120K, used 66008K [0x0000000795580000, 0x00000007a0800000, 0x00000007c0000000)
  eden space 111104K, 52% used [0x0000000795580000,0x0000000798ed6390,0x000000079c200000)
  from space 22016K, 33% used [0x000000079c200000,0x000000079c920020,0x000000079d780000)
  to   space 20992K, 0% used [0x000000079f380000,0x000000079f380000,0x00000007a0800000)
 ParOldGen       total 211456K, used 35181K [0x0000000740000000, 0x000000074ce80000, 0x0000000795580000)
  object space 211456K, 16% used [0x0000000740000000,0x000000074225b7c8,0x000000074ce80000)
 Metaspace       used 12937K, capacity 13121K, committed 13440K, reserved 1060864K
  class space    used 1316K, capacity 1375K, committed 1408K, reserved 1048576K
GC Heap History (10 events):
Event: 12.689 GC heap before
{Heap before GC invocations=15 (full 5):
 PSYoungGen      total 88576K, used 86627K [0x0000000795580000, 0x000000079d500000, 0x00000007c0000000)
  eden space 70656K, 98% used [0x0000000795580000,0x0000000799935080,0x0000000799a80000)
  from space 17920K, 96% used [0x0000000799a80000,0x000000079ab63c48,0x000000079ac00000)
  to   space 21504K, 0% used [0x000000079c000000,0x000000079c000000,0x000000079d500000)
 ParOldGen       total 158208K, used 73773K [0x0000000740000000, 0x0000000749a80000, 0x0000000795580000)
  object space 158208K, 46% used [0x0000000740000000,0x000000074480b570,0x0000000749a80000)
 Metaspace       used 10991K, capacity 11201K, committed 11520K, reserved 1058816K
  class space    used 1154K, capacity 1247K, committed 1280K, reserved 1048576K
Event: 12.691 GC heap after
Heap after GC invocations=15 (full 5):
 PSYoungGen      total 104960K, used 2992K [0x0000000795580000, 0x000000079d200000, 0x00000007c0000000)
  eden space 86528K, 0% used [0x0000000795580000,0x0000000795580000,0x000000079aa00000)
  from space 18432K, 16% used [0x000000079c000000,0x000000079c2ec360,0x000000079d200000)
  to   space 20480K, 0% used [0x000000079aa00000,0x000000079aa00000,0x000000079be00000)
 ParOldGen       total 158208K, used 73773K [0x0000000740000000, 0x0000000749a80000, 0x0000000795580000)
  object space 158208K, 46% used [0x0000000740000000,0x000000074480b570,0x0000000749a80000)
 Metaspace       used 10991K, capacity 11201K, committed 11520K, reserved 1058816K
  class space    used 1154K, capacity 1247K, committed 1280K, reserved 1048576K
}
Event: 13.268 GC heap before
{Heap before GC invocations=16 (full 5):
 PSYoungGen      total 104960K, used 78773K [0x0000000795580000, 0x000000079d200000, 0x00000007c0000000)
  eden space 86528K, 87% used [0x0000000795580000,0x0000000799f812b0,0x000000079aa00000)
  from space 18432K, 16% used [0x000000079c000000,0x000000079c2ec360,0x000000079d200000)
  to   space 20480K, 0% used [0x000000079aa00000,0x000000079aa00000,0x000000079be00000)
 ParOldGen       total 158208K, used 73773K [0x0000000740000000, 0x0000000749a80000, 0x0000000795580000)
  object space 158208K, 46% used [0x0000000740000000,0x000000074480b570,0x0000000749a80000)
 Metaspace       used 10991K, capacity 11201K, committed 11520K, reserved 1058816K
  class space    used 1154K, capacity 1247K, committed 1280K, reserved 1048576K
Event: 13.278 GC heap after
Heap after GC invocations=16 (full 5):
 PSYoungGen      total 107008K, used 17391K [0x0000000795580000, 0x000000079ee00000, 0x00000007c0000000)
  eden space 86528K, 0% used [0x0000000795580000,0x0000000795580000,0x000000079aa00000)
  from space 20480K, 84% used [0x000000079aa00000,0x000000079bafbe60,0x000000079be00000)
  to   space 23040K, 0% used [0x000000079d780000,0x000000079d780000,0x000000079ee00000)
 ParOldGen       total 158208K, used 73773K [0x0000000740000000, 0x0000000749a80000, 0x0000000795580000)
  object space 158208K, 46% used [0x0000000740000000,0x000000074480b570,0x0000000749a80000)
 Metaspace       used 10991K, capacity 11201K, committed 11520K, reserved 1058816K
  class space    used 1154K, capacity 1247K, committed 1280K, reserved 1048576K
}
Event: 13.605 GC heap before
{Heap before GC invocations=17 (full 5):
 PSYoungGen      total 107008K, used 89312K [0x0000000795580000, 0x000000079ee00000, 0x00000007c0000000)
  eden space 86528K, 83% used [0x0000000795580000,0x0000000799bbc430,0x000000079aa00000)
  from space 20480K, 84% used [0x000000079aa00000,0x000000079bafbe60,0x000000079be00000)
  to   space 23040K, 0% used [0x000000079d780000,0x000000079d780000,0x000000079ee00000)
 ParOldGen       total 158208K, used 73773K [0x0000000740000000, 0x0000000749a80000, 0x0000000795580000)
  object space 158208K, 46% used [0x0000000740000000,0x000000074480b570,0x0000000749a80000)
 Metaspace       used 10992K, capacity 11201K, committed 11520K, reserved 1058816K
  class space    used 1154K, capacity 1247K, committed 1280K, reserved 1048576K
Event: 13.611 GC heap after
Heap after GC invocations=17 (full 5):
 PSYoungGen      total 134144K, used 9164K [0x0000000795580000, 0x000000079ee80000, 0x00000007c0000000)
  eden space 111104K, 0% used [0x0000000795580000,0x0000000795580000,0x000000079c200000)
  from space 23040K, 39% used [0x000000079d780000,0x000000079e073340,0x000000079ee00000)
  to   space 22016K, 0% used [0x000000079c200000,0x000000079c200000,0x000000079d780000)
 ParOldGen       total 158208K, used 73773K [0x0000000740000000, 0x0000000749a80000, 0x0000000795580000)
  object space 158208K, 46% used [0x0000000740000000,0x000000074480b570,0x0000000749a80000)
 Metaspace       used 10992K, capacity 11201K, committed 11520K, reserved 1058816K
  class space    used 1154K, capacity 1247K, committed 1280K, reserved 1048576K
}
Event: 17.176 GC heap before
{Heap before GC invocations=18 (full 6):
 PSYoungGen      total 134144K, used 120268K [0x0000000795580000, 0x000000079ee80000, 0x00000007c0000000)
  eden space 111104K, 100% used [0x0000000795580000,0x000000079c200000,0x000000079c200000)
  from space 23040K, 39% used [0x000000079d780000,0x000000079e073340,0x000000079ee00000)
  to   space 22016K, 0% used [0x000000079c200000,0x000000079c200000,0x000000079d780000)
 ParOldGen       total 218624K, used 199267K [0x0000000740000000, 0x000000074d580000, 0x0000000795580000)
  object space 218624K, 91% used [0x0000000740000000,0x000000074c298d38,0x000000074d580000)
 Metaspace       used 12433K, capacity 12609K, committed 12928K, reserved 1060864K
  class space    used 1304K, capacity 1375K, committed 1408K, reserved 1048576K
Event: 17.239 GC heap after
Heap after GC invocations=18 (full 6):
 PSYoungGen      total 134144K, used 0K [0x0000000795580000, 0x000000079ee80000, 0x00000007c0000000)
  eden space 111104K, 0% used [0x0000000795580000,0x0000000795580000,0x000000079c200000)
  from space 23040K, 0% used [0x000000079d780000,0x000000079d780000,0x000000079ee00000)
  to   space 22016K, 0% used [0x000000079c200000,0x000000079c200000,0x000000079d780000)
 ParOldGen       total 211456K, used 35173K [0x0000000740000000, 0x000000074ce80000, 0x0000000795580000)
  object space 211456K, 16% used [0x0000000740000000,0x00000007422597c8,0x000000074ce80000)
 Metaspace       used 12433K, capacity 12609K, committed 12928K, reserved 1060864K
  class space    used 1304K, capacity 1375K, committed 1408K, reserved 1048576K
}
Event: 21.431 GC heap before
{Heap before GC invocations=19 (full 6):
 PSYoungGen      total 134144K, used 111104K [0x0000000795580000, 0x000000079ee80000, 0x00000007c0000000)
  eden space 111104K, 100% used [0x0000000795580000,0x000000079c200000,0x000000079c200000)
  from space 23040K, 0% used [0x000000079d780000,0x000000079d780000,0x000000079ee00000)
  to   space 22016K, 0% used [0x000000079c200000,0x000000079c200000,0x000000079d780000)
 ParOldGen       total 211456K, used 35173K [0x0000000740000000, 0x000000074ce80000, 0x0000000795580000)
  object space 211456K, 16% used [0x0000000740000000,0x00000007422597c8,0x000000074ce80000)
 Metaspace       used 12781K, capacity 12929K, committed 13184K, reserved 1060864K
  class space    used 1315K, capacity 1375K, committed 1408K, reserved 1048576K
Event: 21.438 GC heap after
Heap after GC invocations=19 (full 6):
 PSYoungGen      total 133120K, used 7296K [0x0000000795580000, 0x00000007a0800000, 0x00000007c0000000)
  eden space 111104K, 0% used [0x0000000795580000,0x0000000795580000,0x000000079c200000)
  from space 22016K, 33% used [0x000000079c200000,0x000000079c920020,0x000000079d780000)
  to   space 20992K, 0% used [0x000000079f380000,0x000000079f380000,0x00000007a0800000)
 ParOldGen       total 211456K, used 35181K [0x0000000740000000, 0x000000074ce80000, 0x0000000795580000)
  object space 211456K, 16% used [0x0000000740000000,0x000000074225b7c8,0x000000074ce80000)
 Metaspace       used 12781K, capacity 12929K, committed 13184K, reserved 1060864K
  class space    used 1315K, capacity 1375K, committed 1408K, reserved 1048576K
}

