# JRE version: Java(TM) SE Runtime Environment (8.0_60-b27) (build 1.8.0_60-b27)
# Java VM: Java HotSpot(TM) 64-Bit Server VM (25.60-b23 mixed mode bsd-amd64 compressed oops)
Heap:
 PSYoungGen      total 38400K, used 17527K [0x0000000795580000, 0x000000079d380000, 0x00000007c0000000)
  eden space 33280K, 52% used [0x0000000795580000,0x000000079669de68,0x0000000797600000)
  from space 5120K, 0% used [0x0000000797600000,0x0000000797600000,0x0000000797b00000)
  to   space 31232K, 0% used [0x000000079b500000,0x000000079b500000,0x000000079d380000)
 ParOldGen       total 90624K, used 18759K [0x0000000740000000, 0x0000000745880000, 0x0000000795580000)
  object space 90624K, 20% used [0x0000000740000000,0x0000000741251d20,0x0000000745880000)
 Metaspace       used 12030K, capacity 12257K, committed 12416K, reserved 1060864K
  class space    used 1262K, capacity 1343K, committed 1408K, reserved 1048576K
GC Heap History (10 events):
Event: 4.852 GC heap before
{Heap before GC invocations=2 (full 0):
 PSYoungGen      total 38400K, used 38392K [0x0000000795580000, 0x0000000798000000, 0x00000007c0000000)
  eden space 33280K, 100% used [0x0000000795580000,0x0000000797600000,0x0000000797600000)
  from space 5120K, 99% used [0x0000000797600000,0x0000000797afe188,0x0000000797b00000)
  to   space 5120K, 0% used [0x0000000797b00000,0x0000000797b00000,0x0000000798000000)
 ParOldGen       total 87552K, used 6034K [0x0000000740000000, 0x0000000745580000, 0x0000000795580000)
  object space 87552K, 6% used [0x0000000740000000,0x00000007405e4a08,0x0000000745580000)
 Metaspace       used 9803K, capacity 9953K, committed 10112K, reserved 1058816K
  class space    used 1030K, capacity 1087K, committed 1152K, reserved 1048576K
Event: 4.857 GC heap after
Heap after GC invocations=2 (full 0):
 PSYoungGen      total 38400K, used 5112K [0x0000000795580000, 0x0000000798000000, 0x00000007c0000000)
  eden space 33280K, 0% used [0x0000000795580000,0x0000000795580000,0x0000000797600000)
  from space 5120K, 99% used [0x0000000797b00000,0x0000000797ffe188,0x0000000798000000)
  to   space 5120K, 0% used [0x0000000797600000,0x0000000797600000,0x0000000797b00000)
 ParOldGen       total 87552K, used 9294K [0x0000000740000000, 0x0000000745580000, 0x0000000795580000)
  object space 87552K, 10% used [0x0000000740000000,0x0000000740913a48,0x0000000745580000)
 Metaspace       used 9803K, capacity 9953K, committed 10112K, reserved 1058816K
  class space    used 1030K, capacity 1087K, committed 1152K, reserved 1048576K
}
Event: 5.721 GC heap before
{Heap before GC invocations=3 (full 0):
 PSYoungGen      total 38400K, used 35589K [0x0000000795580000, 0x0000000798000000, 0x00000007c0000000)
  eden space 33280K, 91% used [0x0000000795580000,0x00000007973432c0,0x0000000797600000)
  from space 5120K, 99% used [0x0000000797b00000,0x0000000797ffe188,0x0000000798000000)
  to   space 5120K, 0% used [0x0000000797600000,0x0000000797600000,0x0000000797b00000)
 ParOldGen       total 87552K, used 9294K [0x0000000740000000, 0x0000000745580000, 0x0000000795580000)
  object space 87552K, 10% used [0x0000000740000000,0x0000000740913a48,0x0000000745580000)
 Metaspace       used 10167K, capacity 10369K, committed 10624K, reserved 1058816K
  class space    used 1065K, capacity 1119K, committed 1152K, reserved 1048576K
Event: 5.731 GC heap after
Heap after GC invocations=3 (full 0):
 PSYoungGen      total 38400K, used 3008K [0x0000000795580000, 0x0000000798000000, 0x00000007c0000000)
  eden space 33280K, 0% used [0x0000000795580000,0x0000000795580000,0x0000000797600000)
  from space 5120K, 58% used [0x0000000797600000,0x00000007978f0008,0x0000000797b00000)
  to   space 5120K, 0% used [0x0000000797b00000,0x0000000797b00000,0x0000000798000000)
 ParOldGen       total 87552K, used 17494K [0x0000000740000000, 0x0000000745580000, 0x0000000795580000)
  object space 87552K, 19% used [0x0000000740000000,0x0000000741115a58,0x0000000745580000)
 Metaspace       used 10167K, capacity 10369K, committed 10624K, reserved 1058816K
  class space    used 1065K, capacity 1119K, committed 1152K, reserved 1048576K
}
Event: 7.448 GC heap before
{Heap before GC invocations=4 (full 0):
 PSYoungGen      total 38400K, used 31570K [0x0000000795580000, 0x0000000798000000, 0x00000007c0000000)
  eden space 33280K, 85% used [0x0000000795580000,0x0000000797164808,0x0000000797600000)
  from space 5120K, 58% used [0x0000000797600000,0x00000007978f0008,0x0000000797b00000)
  to   space 5120K, 0% used [0x0000000797b00000,0x0000000797b00000,0x0000000798000000)
 ParOldGen       total 192512K, used 154444K [0x0000000740000000, 0x000000074bc00000, 0x0000000795580000)
  object space 192512K, 80% used [0x0000000740000000,0x00000007496d3288,0x000000074bc00000)
 Metaspace       used 11869K, capacity 12033K, committed 12416K, reserved 1060864K
  class space    used 1257K, capacity 1311K, committed 1408K, reserved 1048576K
Event: 7.463 GC heap after
Heap after GC invocations=4 (full 0):
 PSYoungGen      total 38400K, used 5112K [0x0000000795580000, 0x0000000798000000, 0x00000007c0000000)
  eden space 33280K, 0% used [0x0000000795580000,0x0000000795580000,0x0000000797600000)
  from space 5120K, 99% used [0x0000000797b00000,0x0000000797ffe178,0x0000000798000000)
  to   space 5120K, 0% used [0x0000000797600000,0x0000000797600000,0x0000000797b00000)
 ParOldGen       total 192512K, used 157657K [0x0000000740000000, 0x000000074bc00000, 0x0000000795580000)
  object space 192512K, 81% used [0x0000000740000000,0x00000007499f6698,0x000000074bc00000)
 Metaspace       used 11869K, capacity 12033K, committed 12416K, reserved 1060864K
  class space    used 1257K, capacity 1311K, committed 1408K, reserved 1048576K
}
Event: 7.610 GC heap before
{Heap before GC invocations=5 (full 0):
 PSYoungGen      total 38400K, used 38392K [0x0000000795580000, 0x0000000798000000, 0x00000007c0000000)
  eden space 33280K, 100% used [0x0000000795580000,0x0000000797600000,0x0000000797600000)
  from space 5120K, 99% used [0x0000000797b00000,0x0000000797ffe178,0x0000000798000000)
  to   space 5120K, 0% used [0x0000000797600000,0x0000000797600000,0x0000000797b00000)
 ParOldGen       total 192512K, used 157657K [0x0000000740000000, 0x000000074bc00000, 0x0000000795580000)
  object space 192512K, 81% used [0x0000000740000000,0x00000007499f6698,0x000000074bc00000)
 Metaspace       used 11869K, capacity 12033K, committed 12416K, reserved 1060864K
  class space    used 1257K, capacity 1311K, committed 1408K, reserved 1048576K
Event: 7.643 GC heap after
Heap after GC invocations=5 (full 0):
 PSYoungGen      total 38400K, used 5090K [0x0000000795580000, 0x000000079d380000, 0x00000007c0000000)
  eden space 33280K, 0% used [0x0000000795580000,0x0000000795580000,0x0000000797600000)
  from space 5120K, 99% used [0x0000000797600000,0x0000000797af8900,0x0000000797b00000)
  to   space 31232K, 0% used [0x000000079b500000,0x000000079b500000,0x000000079d380000)
 ParOldGen       total 192512K, used 188577K [0x0000000740000000, 0x000000074bc00000, 0x0000000795580000)
  object space 192512K, 97% used [0x0000000740000000,0x000000074b8286f8,0x000000074bc00000)
 Metaspace       used 11869K, capacity 12033K, committed 12416K, reserved 1060864K
  class space    used 1257K, capacity 1311K, committed 1408K, reserved 1048576K
}
Event: 7.643 GC heap before
{Heap before GC invocations=6 (full 1):
 PSYoungGen      total 38400K, used 5090K [0x0000000795580000, 0x000000079d380000, 0x00000007c0000000)
  eden space 33280K, 0% used [0x0000000795580000,0x0000000795580000,0x0000000797600000)
  from space 5120K, 99% used [0x0000000797600000,0x0000000797af8900,0x0000000797b00000)
  to   space 31232K, 0% used [0x000000079b500000,0x000000079b500000,0x000000079d380000)
 ParOldGen       total 192512K, used 188577K [0x0000000740000000, 0x000000074bc00000, 0x0000000795580000)
  object space 192512K, 97% used [0x0000000740000000,0x000000074b8286f8,0x000000074bc00000)
 Metaspace       used 11869K, capacity 12033K, committed 12416K, reserved 1060864K
  class space    used 1257K, capacity 1311K, committed 1408K, reserved 1048576K
Event: 7.698 GC heap after
Heap after GC invocations=6 (full 1):
 PSYoungGen      total 38400K, used 0K [0x0000000795580000, 0x000000079d380000, 0x00000007c0000000)
  eden space 33280K, 0% used [0x0000000795580000,0x0000000795580000,0x0000000797600000)
  from space 5120K, 0% used [0x0000000797600000,0x0000000797600000,0x0000000797b00000)
  to   space 31232K, 0% used [0x000000079b500000,0x000000079b500000,0x000000079d380000)
 ParOldGen       total 90624K, used 18759K [0x0000000740000000, 0x0000000745880000, 0x0000000795580000)
  object space 90624K, 20% used [0x0000000740000000,0x0000000741251d20,0x0000000745880000)
 Metaspace       used 11869K, capacity 12033K, committed 12416K, reserved 1060864K
  class space    used 1257K, capacity 1311K, committed 1408K, reserved 1048576K
}

